[ 2016-04-06T02:12:33+08:00 ] 127.0.0.1 /index.php/admin/goods/add
INFO: [ app_init ] --START--
INFO: Run Behavior\BuildLiteBehavior [ RunTime:0.000087s ]
INFO: [ app_init ] --END-- [ RunTime:0.001007s ]
INFO: [ app_begin ] --START--
INFO: Run Behavior\ReadHtmlCacheBehavior [ RunTime:0.000600s ]
INFO: [ app_begin ] --END-- [ RunTime:0.001053s ]
SQL: SHOW COLUMNS FROM `sk_cate` [ RunTime:0.0027s ]
SQL: SELECT * FROM `sk_cate`  [ RunTime:0.0003s ]
INFO: [ view_parse ] --START--
INFO: [ template_filter ] --START--
INFO: Run Behavior\ContentReplaceBehavior [ RunTime:0.000229s ]
INFO: [ template_filter ] --END-- [ RunTime:0.000670s ]
INFO: Run Behavior\ParseTemplateBehavior [ RunTime:0.009763s ]
INFO: [ view_parse ] --END-- [ RunTime:0.010198s ]
INFO: [ view_filter ] --START--
INFO: Run Behavior\WriteHtmlCacheBehavior [ RunTime:0.000400s ]
INFO: [ view_filter ] --END-- [ RunTime:0.000822s ]
INFO: [ app_end ] --START--
INFO: Run Behavior\ShowPageTraceBehavior [ RunTime:0.000670s ]
INFO: [ app_end ] --END-- [ RunTime:0.001184s ]

[ 2016-04-06T02:12:35+08:00 ] 127.0.0.1 /index.php/Admin/Goods/getsel.html
INFO: [ app_init ] --START--
INFO: Run Behavior\BuildLiteBehavior [ RunTime:0.000089s ]
INFO: [ app_init ] --END-- [ RunTime:0.000762s ]
INFO: [ app_begin ] --START--
INFO: Run Behavior\ReadHtmlCacheBehavior [ RunTime:0.000481s ]
INFO: [ app_begin ] --END-- [ RunTime:0.000830s ]
SQL: SELECT * FROM `sk_cate`  [ RunTime:0.0003s ]
SQL: SELECT `id`,`cate_name` FROM `sk_cate` WHERE ( id=3 ) LIMIT 1   [ RunTime:0.0002s ]
SQL: SELECT `id`,`cate_name` FROM `sk_cate` WHERE ( id=4 ) LIMIT 1   [ RunTime:0.0002s ]
SQL: SELECT `id`,`cate_name` FROM `sk_cate` WHERE ( id=5 ) LIMIT 1   [ RunTime:0.0002s ]
SQL: SELECT `id`,`cate_name` FROM `sk_cate` WHERE ( id=6 ) LIMIT 1   [ RunTime:0.0002s ]
SQL: SELECT `id`,`cate_name` FROM `sk_cate` WHERE ( id=7 ) LIMIT 1   [ RunTime:0.0002s ]
SQL: SELECT `id`,`cate_name` FROM `sk_cate` WHERE ( id=8 ) LIMIT 1   [ RunTime:0.0002s ]
SQL: SELECT `id`,`cate_name` FROM `sk_cate` WHERE ( id=9 ) LIMIT 1   [ RunTime:0.0002s ]
SQL: SELECT `id`,`cate_name` FROM `sk_cate` WHERE ( id=1 ) LIMIT 1   [ RunTime:0.0002s ]
SQL: SELECT `id`,`cate_name` FROM `sk_cate` WHERE ( id=1 ) LIMIT 1   [ RunTime:0.0002s ]
SQL: SELECT `id`,`cate_name` FROM `sk_cate` WHERE ( id=1 ) LIMIT 1   [ RunTime:0.0002s ]
SQL: SELECT `id`,`cate_name` FROM `sk_cate` WHERE ( id=1 ) LIMIT 1   [ RunTime:0.0002s ]
SQL: SELECT `id`,`cate_name` FROM `sk_cate` WHERE ( id=1 ) LIMIT 1   [ RunTime:0.0002s ]
SQL: SELECT `id`,`cate_name` FROM `sk_cate` WHERE ( id=1 ) LIMIT 1   [ RunTime:0.0002s ]
SQL: SELECT `id`,`cate_name` FROM `sk_cate` WHERE ( id=1 ) LIMIT 1   [ RunTime:0.0002s ]

[ 2016-04-06T02:13:27+08:00 ] 127.0.0.1 /index.php/admin/goods/add
INFO: [ app_init ] --START--
INFO: Run Behavior\BuildLiteBehavior [ RunTime:0.000094s ]
INFO: [ app_init ] --END-- [ RunTime:0.000806s ]
INFO: [ app_begin ] --START--
INFO: Run Behavior\ReadHtmlCacheBehavior [ RunTime:0.000693s ]
INFO: [ app_begin ] --END-- [ RunTime:0.001181s ]
SQL: SELECT * FROM `sk_cate`  [ RunTime:0.0003s ]
INFO: [ view_parse ] --START--
INFO: [ template_filter ] --START--
INFO: Run Behavior\ContentReplaceBehavior [ RunTime:0.000238s ]
INFO: [ template_filter ] --END-- [ RunTime:0.000716s ]
INFO: Run Behavior\ParseTemplateBehavior [ RunTime:0.014592s ]
INFO: [ view_parse ] --END-- [ RunTime:0.015036s ]
INFO: [ view_filter ] --START--
INFO: Run Behavior\WriteHtmlCacheBehavior [ RunTime:0.000428s ]
INFO: [ view_filter ] --END-- [ RunTime:0.000844s ]
INFO: [ app_end ] --START--
INFO: Run Behavior\ShowPageTraceBehavior [ RunTime:0.000677s ]
INFO: [ app_end ] --END-- [ RunTime:0.001256s ]

[ 2016-04-06T02:13:29+08:00 ] 127.0.0.1 /index.php/Admin/Goods/getsel.html
INFO: [ app_init ] --START--
INFO: Run Behavior\BuildLiteBehavior [ RunTime:0.000089s ]
INFO: [ app_init ] --END-- [ RunTime:0.000778s ]
INFO: [ app_begin ] --START--
INFO: Run Behavior\ReadHtmlCacheBehavior [ RunTime:0.000500s ]
INFO: [ app_begin ] --END-- [ RunTime:0.000847s ]
SQL: SELECT * FROM `sk_cate`  [ RunTime:0.0003s ]
SQL: SELECT `id`,`cate_name` FROM `sk_cate` WHERE ( id=3 ) LIMIT 1   [ RunTime:0.0003s ]
SQL: SELECT `id`,`cate_name` FROM `sk_cate` WHERE ( id=4 ) LIMIT 1   [ RunTime:0.0002s ]
SQL: SELECT `id`,`cate_name` FROM `sk_cate` WHERE ( id=5 ) LIMIT 1   [ RunTime:0.0002s ]
SQL: SELECT `id`,`cate_name` FROM `sk_cate` WHERE ( id=6 ) LIMIT 1   [ RunTime:0.0002s ]
SQL: SELECT `id`,`cate_name` FROM `sk_cate` WHERE ( id=7 ) LIMIT 1   [ RunTime:0.0002s ]
SQL: SELECT `id`,`cate_name` FROM `sk_cate` WHERE ( id=8 ) LIMIT 1   [ RunTime:0.0002s ]
SQL: SELECT `id`,`cate_name` FROM `sk_cate` WHERE ( id=9 ) LIMIT 1   [ RunTime:0.0002s ]
SQL: SELECT `id`,`cate_name` FROM `sk_cate` WHERE ( id=1 ) LIMIT 1   [ RunTime:0.0002s ]
SQL: SELECT `id`,`cate_name` FROM `sk_cate` WHERE ( id=1 ) LIMIT 1   [ RunTime:0.0003s ]
SQL: SELECT `id`,`cate_name` FROM `sk_cate` WHERE ( id=1 ) LIMIT 1   [ RunTime:0.0002s ]
SQL: SELECT `id`,`cate_name` FROM `sk_cate` WHERE ( id=1 ) LIMIT 1   [ RunTime:0.0002s ]
SQL: SELECT `id`,`cate_name` FROM `sk_cate` WHERE ( id=1 ) LIMIT 1   [ RunTime:0.0002s ]
SQL: SELECT `id`,`cate_name` FROM `sk_cate` WHERE ( id=1 ) LIMIT 1   [ RunTime:0.0002s ]
SQL: SELECT `id`,`cate_name` FROM `sk_cate` WHERE ( id=1 ) LIMIT 1   [ RunTime:0.0002s ]

[ 2016-04-06T02:14:44+08:00 ] 127.0.0.1 /index.php/admin/goods/add
INFO: [ app_init ] --START--
INFO: Run Behavior\BuildLiteBehavior [ RunTime:0.000115s ]
INFO: [ app_init ] --END-- [ RunTime:0.001036s ]
INFO: [ app_begin ] --START--
INFO: Run Behavior\ReadHtmlCacheBehavior [ RunTime:0.000645s ]
INFO: [ app_begin ] --END-- [ RunTime:0.001097s ]
SQL: SELECT * FROM `sk_cate`  [ RunTime:0.0003s ]
INFO: [ view_parse ] --START--
INFO: [ template_filter ] --START--
INFO: Run Behavior\ContentReplaceBehavior [ RunTime:0.000223s ]
INFO: [ template_filter ] --END-- [ RunTime:0.000672s ]
INFO: Run Behavior\ParseTemplateBehavior [ RunTime:0.009894s ]
INFO: [ view_parse ] --END-- [ RunTime:0.010337s ]
INFO: [ view_filter ] --START--
INFO: Run Behavior\WriteHtmlCacheBehavior [ RunTime:0.000480s ]
INFO: [ view_filter ] --END-- [ RunTime:0.000901s ]
INFO: [ app_end ] --START--
INFO: Run Behavior\ShowPageTraceBehavior [ RunTime:0.000661s ]
INFO: [ app_end ] --END-- [ RunTime:0.001098s ]

[ 2016-04-06T02:14:46+08:00 ] 127.0.0.1 /index.php/Admin/Goods/getsel.html
INFO: [ app_init ] --START--
INFO: Run Behavior\BuildLiteBehavior [ RunTime:0.000087s ]
INFO: [ app_init ] --END-- [ RunTime:0.000781s ]
INFO: [ app_begin ] --START--
INFO: Run Behavior\ReadHtmlCacheBehavior [ RunTime:0.000549s ]
INFO: [ app_begin ] --END-- [ RunTime:0.000897s ]
SQL: SELECT * FROM `sk_cate`  [ RunTime:0.0003s ]
SQL: SELECT `id`,`cate_name` FROM `sk_cate` WHERE ( id=3 ) LIMIT 1   [ RunTime:0.0002s ]
SQL: SELECT `id`,`cate_name` FROM `sk_cate` WHERE ( id=4 ) LIMIT 1   [ RunTime:0.0002s ]
SQL: SELECT `id`,`cate_name` FROM `sk_cate` WHERE ( id=5 ) LIMIT 1   [ RunTime:0.0002s ]
SQL: SELECT `id`,`cate_name` FROM `sk_cate` WHERE ( id=6 ) LIMIT 1   [ RunTime:0.0002s ]
SQL: SELECT `id`,`cate_name` FROM `sk_cate` WHERE ( id=7 ) LIMIT 1   [ RunTime:0.0002s ]
SQL: SELECT `id`,`cate_name` FROM `sk_cate` WHERE ( id=8 ) LIMIT 1   [ RunTime:0.0002s ]
SQL: SELECT `id`,`cate_name` FROM `sk_cate` WHERE ( id=9 ) LIMIT 1   [ RunTime:0.0002s ]
SQL: SELECT `id`,`cate_name` FROM `sk_cate` WHERE ( id=1 ) LIMIT 1   [ RunTime:0.0002s ]
SQL: SELECT `id`,`cate_name` FROM `sk_cate` WHERE ( id=1 ) LIMIT 1   [ RunTime:0.0003s ]
SQL: SELECT `id`,`cate_name` FROM `sk_cate` WHERE ( id=1 ) LIMIT 1   [ RunTime:0.0002s ]
SQL: SELECT `id`,`cate_name` FROM `sk_cate` WHERE ( id=1 ) LIMIT 1   [ RunTime:0.0002s ]
SQL: SELECT `id`,`cate_name` FROM `sk_cate` WHERE ( id=1 ) LIMIT 1   [ RunTime:0.0002s ]
SQL: SELECT `id`,`cate_name` FROM `sk_cate` WHERE ( id=1 ) LIMIT 1   [ RunTime:0.0002s ]
SQL: SELECT `id`,`cate_name` FROM `sk_cate` WHERE ( id=1 ) LIMIT 1   [ RunTime:0.0002s ]

[ 2016-04-06T02:15:56+08:00 ] 127.0.0.1 /index.php/admin/goods/add
INFO: [ app_init ] --START--
INFO: Run Behavior\BuildLiteBehavior [ RunTime:0.000087s ]
INFO: [ app_init ] --END-- [ RunTime:0.000795s ]
INFO: [ app_begin ] --START--
INFO: Run Behavior\ReadHtmlCacheBehavior [ RunTime:0.000600s ]
INFO: [ app_begin ] --END-- [ RunTime:0.001036s ]

[ 2016-04-06T02:16:17+08:00 ] 127.0.0.1 /index.php/admin/goods/add
INFO: [ app_init ] --START--
INFO: Run Behavior\BuildLiteBehavior [ RunTime:0.000092s ]
INFO: [ app_init ] --END-- [ RunTime:0.000798s ]
INFO: [ app_begin ] --START--
INFO: Run Behavior\ReadHtmlCacheBehavior [ RunTime:0.000614s ]
INFO: [ app_begin ] --END-- [ RunTime:0.001099s ]
SQL: SELECT * FROM `sk_cate`  [ RunTime:0.0003s ]
INFO: [ view_parse ] --START--
INFO: [ template_filter ] --START--
INFO: Run Behavior\ContentReplaceBehavior [ RunTime:0.000225s ]
INFO: [ template_filter ] --END-- [ RunTime:0.000666s ]
INFO: Run Behavior\ParseTemplateBehavior [ RunTime:0.009579s ]
INFO: [ view_parse ] --END-- [ RunTime:0.010018s ]
INFO: [ view_filter ] --START--
INFO: Run Behavior\WriteHtmlCacheBehavior [ RunTime:0.000417s ]
INFO: [ view_filter ] --END-- [ RunTime:0.000839s ]
INFO: [ app_end ] --START--
INFO: Run Behavior\ShowPageTraceBehavior [ RunTime:0.000586s ]
INFO: [ app_end ] --END-- [ RunTime:0.001019s ]

[ 2016-04-06T02:16:19+08:00 ] 127.0.0.1 /index.php/Admin/Goods/getsel.html
INFO: [ app_init ] --START--
INFO: Run Behavior\BuildLiteBehavior [ RunTime:0.000111s ]
INFO: [ app_init ] --END-- [ RunTime:0.000832s ]
INFO: [ app_begin ] --START--
INFO: Run Behavior\ReadHtmlCacheBehavior [ RunTime:0.000614s ]
INFO: [ app_begin ] --END-- [ RunTime:0.000973s ]
SQL: SELECT * FROM `sk_cate`  [ RunTime:0.0003s ]
SQL: SELECT `id`,`cate_name` FROM `sk_cate` WHERE ( id=3 ) LIMIT 1   [ RunTime:0.0002s ]
SQL: SELECT `id`,`cate_name` FROM `sk_cate` WHERE ( id=4 ) LIMIT 1   [ RunTime:0.0002s ]
SQL: SELECT `id`,`cate_name` FROM `sk_cate` WHERE ( id=5 ) LIMIT 1   [ RunTime:0.0002s ]
SQL: SELECT `id`,`cate_name` FROM `sk_cate` WHERE ( id=6 ) LIMIT 1   [ RunTime:0.0002s ]
SQL: SELECT `id`,`cate_name` FROM `sk_cate` WHERE ( id=7 ) LIMIT 1   [ RunTime:0.0002s ]
SQL: SELECT `id`,`cate_name` FROM `sk_cate` WHERE ( id=8 ) LIMIT 1   [ RunTime:0.0002s ]
SQL: SELECT `id`,`cate_name` FROM `sk_cate` WHERE ( id=9 ) LIMIT 1   [ RunTime:0.0002s ]
SQL: SELECT `id`,`cate_name` FROM `sk_cate` WHERE ( id=1 ) LIMIT 1   [ RunTime:0.0002s ]
SQL: SELECT `id`,`cate_name` FROM `sk_cate` WHERE ( id=1 ) LIMIT 1   [ RunTime:0.0002s ]
SQL: SELECT `id`,`cate_name` FROM `sk_cate` WHERE ( id=1 ) LIMIT 1   [ RunTime:0.0002s ]
SQL: SELECT `id`,`cate_name` FROM `sk_cate` WHERE ( id=1 ) LIMIT 1   [ RunTime:0.0002s ]
SQL: SELECT `id`,`cate_name` FROM `sk_cate` WHERE ( id=1 ) LIMIT 1   [ RunTime:0.0002s ]
SQL: SELECT `id`,`cate_name` FROM `sk_cate` WHERE ( id=1 ) LIMIT 1   [ RunTime:0.0002s ]
SQL: SELECT `id`,`cate_name` FROM `sk_cate` WHERE ( id=1 ) LIMIT 1   [ RunTime:0.0002s ]

[ 2016-04-06T02:16:58+08:00 ] 127.0.0.1 /index.php/admin/goods/add
INFO: [ app_init ] --START--
INFO: Run Behavior\BuildLiteBehavior [ RunTime:0.000140s ]
INFO: [ app_init ] --END-- [ RunTime:0.001117s ]
INFO: [ app_begin ] --START--
INFO: Run Behavior\ReadHtmlCacheBehavior [ RunTime:0.000656s ]
INFO: [ app_begin ] --END-- [ RunTime:0.001184s ]
SQL: SELECT * FROM `sk_cate`  [ RunTime:0.0003s ]
INFO: [ view_parse ] --START--
INFO: [ template_filter ] --START--
INFO: Run Behavior\ContentReplaceBehavior [ RunTime:0.000226s ]
INFO: [ template_filter ] --END-- [ RunTime:0.000674s ]
INFO: Run Behavior\ParseTemplateBehavior [ RunTime:0.010129s ]
INFO: [ view_parse ] --END-- [ RunTime:0.010571s ]
INFO: [ view_filter ] --START--
INFO: Run Behavior\WriteHtmlCacheBehavior [ RunTime:0.000488s ]
INFO: [ view_filter ] --END-- [ RunTime:0.000916s ]
INFO: [ app_end ] --START--
INFO: Run Behavior\ShowPageTraceBehavior [ RunTime:0.000730s ]
INFO: [ app_end ] --END-- [ RunTime:0.001186s ]

[ 2016-04-06T02:17:00+08:00 ] 127.0.0.1 /index.php/Admin/Goods/getsel.html
INFO: [ app_init ] --START--
INFO: Run Behavior\BuildLiteBehavior [ RunTime:0.000109s ]
INFO: [ app_init ] --END-- [ RunTime:0.000816s ]
INFO: [ app_begin ] --START--
INFO: Run Behavior\ReadHtmlCacheBehavior [ RunTime:0.000627s ]
INFO: [ app_begin ] --END-- [ RunTime:0.000993s ]
SQL: SELECT * FROM `sk_cate`  [ RunTime:0.0003s ]
SQL: SELECT `id`,`cate_name` FROM `sk_cate` WHERE ( id=3 ) LIMIT 1   [ RunTime:0.0002s ]
SQL: SELECT `id`,`cate_name` FROM `sk_cate` WHERE ( id=4 ) LIMIT 1   [ RunTime:0.0002s ]
SQL: SELECT `id`,`cate_name` FROM `sk_cate` WHERE ( id=5 ) LIMIT 1   [ RunTime:0.0002s ]
SQL: SELECT `id`,`cate_name` FROM `sk_cate` WHERE ( id=6 ) LIMIT 1   [ RunTime:0.0002s ]
SQL: SELECT `id`,`cate_name` FROM `sk_cate` WHERE ( id=7 ) LIMIT 1   [ RunTime:0.0002s ]
SQL: SELECT `id`,`cate_name` FROM `sk_cate` WHERE ( id=8 ) LIMIT 1   [ RunTime:0.0002s ]
SQL: SELECT `id`,`cate_name` FROM `sk_cate` WHERE ( id=9 ) LIMIT 1   [ RunTime:0.0002s ]
SQL: SELECT `id`,`cate_name` FROM `sk_cate` WHERE ( id=1 ) LIMIT 1   [ RunTime:0.0002s ]
SQL: SELECT `id`,`cate_name` FROM `sk_cate` WHERE ( id=1 ) LIMIT 1   [ RunTime:0.0002s ]
SQL: SELECT `id`,`cate_name` FROM `sk_cate` WHERE ( id=1 ) LIMIT 1   [ RunTime:0.0002s ]
SQL: SELECT `id`,`cate_name` FROM `sk_cate` WHERE ( id=1 ) LIMIT 1   [ RunTime:0.0002s ]
SQL: SELECT `id`,`cate_name` FROM `sk_cate` WHERE ( id=1 ) LIMIT 1   [ RunTime:0.0002s ]
SQL: SELECT `id`,`cate_name` FROM `sk_cate` WHERE ( id=1 ) LIMIT 1   [ RunTime:0.0003s ]
SQL: SELECT `id`,`cate_name` FROM `sk_cate` WHERE ( id=1 ) LIMIT 1   [ RunTime:0.0002s ]

[ 2016-04-06T02:18:08+08:00 ] 127.0.0.1 /index.php/admin/goods/add
INFO: [ app_init ] --START--
INFO: Run Behavior\BuildLiteBehavior [ RunTime:0.000101s ]
INFO: [ app_init ] --END-- [ RunTime:0.000944s ]
INFO: [ app_begin ] --START--
INFO: Run Behavior\ReadHtmlCacheBehavior [ RunTime:0.000654s ]
INFO: [ app_begin ] --END-- [ RunTime:0.001141s ]
SQL: SELECT * FROM `sk_cate`  [ RunTime:0.0003s ]
INFO: [ view_parse ] --START--
INFO: [ template_filter ] --START--
INFO: Run Behavior\ContentReplaceBehavior [ RunTime:0.000263s ]
INFO: [ template_filter ] --END-- [ RunTime:0.000715s ]
INFO: Run Behavior\ParseTemplateBehavior [ RunTime:0.010128s ]
INFO: [ view_parse ] --END-- [ RunTime:0.010578s ]
INFO: [ view_filter ] --START--
INFO: Run Behavior\WriteHtmlCacheBehavior [ RunTime:0.000518s ]
INFO: [ view_filter ] --END-- [ RunTime:0.000948s ]
INFO: [ app_end ] --START--
INFO: Run Behavior\ShowPageTraceBehavior [ RunTime:0.000676s ]
INFO: [ app_end ] --END-- [ RunTime:0.001117s ]

[ 2016-04-06T02:18:10+08:00 ] 127.0.0.1 /index.php/Admin/Goods/getsel.html
INFO: [ app_init ] --START--
INFO: Run Behavior\BuildLiteBehavior [ RunTime:0.000104s ]
INFO: [ app_init ] --END-- [ RunTime:0.000792s ]
INFO: [ app_begin ] --START--
INFO: Run Behavior\ReadHtmlCacheBehavior [ RunTime:0.000561s ]
INFO: [ app_begin ] --END-- [ RunTime:0.000910s ]
SQL: SELECT * FROM `sk_cate`  [ RunTime:0.0003s ]
SQL: SELECT `id`,`cate_name` FROM `sk_cate` WHERE ( id=3 ) LIMIT 1   [ RunTime:0.0002s ]
SQL: SELECT `id`,`cate_name` FROM `sk_cate` WHERE ( id=4 ) LIMIT 1   [ RunTime:0.0002s ]
SQL: SELECT `id`,`cate_name` FROM `sk_cate` WHERE ( id=5 ) LIMIT 1   [ RunTime:0.0002s ]
SQL: SELECT `id`,`cate_name` FROM `sk_cate` WHERE ( id=6 ) LIMIT 1   [ RunTime:0.0002s ]
SQL: SELECT `id`,`cate_name` FROM `sk_cate` WHERE ( id=7 ) LIMIT 1   [ RunTime:0.0002s ]
SQL: SELECT `id`,`cate_name` FROM `sk_cate` WHERE ( id=8 ) LIMIT 1   [ RunTime:0.0002s ]
SQL: SELECT `id`,`cate_name` FROM `sk_cate` WHERE ( id=9 ) LIMIT 1   [ RunTime:0.0002s ]
SQL: SELECT `id`,`cate_name` FROM `sk_cate` WHERE ( id=1 ) LIMIT 1   [ RunTime:0.0002s ]
SQL: SELECT `id`,`cate_name` FROM `sk_cate` WHERE ( id=1 ) LIMIT 1   [ RunTime:0.0003s ]
SQL: SELECT `id`,`cate_name` FROM `sk_cate` WHERE ( id=1 ) LIMIT 1   [ RunTime:0.0002s ]
SQL: SELECT `id`,`cate_name` FROM `sk_cate` WHERE ( id=1 ) LIMIT 1   [ RunTime:0.0003s ]
SQL: SELECT `id`,`cate_name` FROM `sk_cate` WHERE ( id=1 ) LIMIT 1   [ RunTime:0.0002s ]
SQL: SELECT `id`,`cate_name` FROM `sk_cate` WHERE ( id=1 ) LIMIT 1   [ RunTime:0.0002s ]
SQL: SELECT `id`,`cate_name` FROM `sk_cate` WHERE ( id=1 ) LIMIT 1   [ RunTime:0.0002s ]

[ 2016-04-06T02:18:27+08:00 ] 127.0.0.1 /index.php/admin/goods/add
INFO: [ app_init ] --START--
INFO: Run Behavior\BuildLiteBehavior [ RunTime:0.000088s ]
INFO: [ app_init ] --END-- [ RunTime:0.000800s ]
INFO: [ app_begin ] --START--
INFO: Run Behavior\ReadHtmlCacheBehavior [ RunTime:0.000597s ]
INFO: [ app_begin ] --END-- [ RunTime:0.001055s ]
SQL: SELECT * FROM `sk_cate`  [ RunTime:0.0003s ]
INFO: [ view_parse ] --START--
INFO: [ template_filter ] --START--
INFO: Run Behavior\ContentReplaceBehavior [ RunTime:0.000222s ]
INFO: [ template_filter ] --END-- [ RunTime:0.000662s ]
INFO: Run Behavior\ParseTemplateBehavior [ RunTime:0.009728s ]
INFO: [ view_parse ] --END-- [ RunTime:0.010171s ]
INFO: [ view_filter ] --START--
INFO: Run Behavior\WriteHtmlCacheBehavior [ RunTime:0.000512s ]
INFO: [ view_filter ] --END-- [ RunTime:0.000945s ]
INFO: [ app_end ] --START--
INFO: Run Behavior\ShowPageTraceBehavior [ RunTime:0.000653s ]
INFO: [ app_end ] --END-- [ RunTime:0.001098s ]

[ 2016-04-06T02:18:29+08:00 ] 127.0.0.1 /index.php/Admin/Goods/getsel.html
INFO: [ app_init ] --START--
INFO: Run Behavior\BuildLiteBehavior [ RunTime:0.000088s ]
INFO: [ app_init ] --END-- [ RunTime:0.000810s ]
INFO: [ app_begin ] --START--
INFO: Run Behavior\ReadHtmlCacheBehavior [ RunTime:0.000567s ]
INFO: [ app_begin ] --END-- [ RunTime:0.000923s ]
SQL: SELECT * FROM `sk_cate`  [ RunTime:0.0003s ]

[ 2016-04-06T02:18:42+08:00 ] 127.0.0.1 /index.php/admin/goods/add
INFO: [ app_init ] --START--
INFO: Run Behavior\BuildLiteBehavior [ RunTime:0.000090s ]
INFO: [ app_init ] --END-- [ RunTime:0.000784s ]
INFO: [ app_begin ] --START--
INFO: Run Behavior\ReadHtmlCacheBehavior [ RunTime:0.000586s ]
INFO: [ app_begin ] --END-- [ RunTime:0.001073s ]
SQL: SELECT * FROM `sk_cate`  [ RunTime:0.0003s ]
INFO: [ view_parse ] --START--
INFO: [ template_filter ] --START--
INFO: Run Behavior\ContentReplaceBehavior [ RunTime:0.000261s ]
INFO: [ template_filter ] --END-- [ RunTime:0.000925s ]
INFO: Run Behavior\ParseTemplateBehavior [ RunTime:0.009907s ]
INFO: [ view_parse ] --END-- [ RunTime:0.010358s ]
INFO: [ view_filter ] --START--
INFO: Run Behavior\WriteHtmlCacheBehavior [ RunTime:0.000420s ]
INFO: [ view_filter ] --END-- [ RunTime:0.000844s ]
INFO: [ app_end ] --START--
INFO: Run Behavior\ShowPageTraceBehavior [ RunTime:0.000626s ]
INFO: [ app_end ] --END-- [ RunTime:0.001065s ]

[ 2016-04-06T02:18:44+08:00 ] 127.0.0.1 /index.php/Admin/Goods/getsel.html
INFO: [ app_init ] --START--
INFO: Run Behavior\BuildLiteBehavior [ RunTime:0.000086s ]
INFO: [ app_init ] --END-- [ RunTime:0.000774s ]
INFO: [ app_begin ] --START--
INFO: Run Behavior\ReadHtmlCacheBehavior [ RunTime:0.000708s ]
INFO: [ app_begin ] --END-- [ RunTime:0.001074s ]
SQL: SELECT * FROM `sk_cate`  [ RunTime:0.0003s ]

[ 2016-04-06T02:20:00+08:00 ] 127.0.0.1 /index.php/admin/goods/add
INFO: [ app_init ] --START--
INFO: Run Behavior\BuildLiteBehavior [ RunTime:0.000106s ]
INFO: [ app_init ] --END-- [ RunTime:0.000791s ]
INFO: [ app_begin ] --START--
INFO: Run Behavior\ReadHtmlCacheBehavior [ RunTime:0.000552s ]
INFO: [ app_begin ] --END-- [ RunTime:0.001022s ]
SQL: SELECT * FROM `sk_cate`  [ RunTime:0.0003s ]
INFO: [ view_parse ] --START--
INFO: [ template_filter ] --START--
INFO: Run Behavior\ContentReplaceBehavior [ RunTime:0.000223s ]
INFO: [ template_filter ] --END-- [ RunTime:0.000688s ]
INFO: Run Behavior\ParseTemplateBehavior [ RunTime:0.010077s ]
INFO: [ view_parse ] --END-- [ RunTime:0.010513s ]
INFO: [ view_filter ] --START--
INFO: Run Behavior\WriteHtmlCacheBehavior [ RunTime:0.000489s ]
INFO: [ view_filter ] --END-- [ RunTime:0.000922s ]
INFO: [ app_end ] --START--
INFO: Run Behavior\ShowPageTraceBehavior [ RunTime:0.000697s ]
INFO: [ app_end ] --END-- [ RunTime:0.001138s ]

[ 2016-04-06T02:20:02+08:00 ] 127.0.0.1 /index.php/Admin/Goods/getsel.html
INFO: [ app_init ] --START--
INFO: Run Behavior\BuildLiteBehavior [ RunTime:0.000088s ]
INFO: [ app_init ] --END-- [ RunTime:0.000817s ]
INFO: [ app_begin ] --START--
INFO: Run Behavior\ReadHtmlCacheBehavior [ RunTime:0.000704s ]
INFO: [ app_begin ] --END-- [ RunTime:0.001132s ]
SQL: SELECT * FROM `sk_cate`  [ RunTime:0.0003s ]

[ 2016-04-06T02:20:24+08:00 ] 127.0.0.1 /index.php/admin/goods/add
INFO: [ app_init ] --START--
INFO: Run Behavior\BuildLiteBehavior [ RunTime:0.000087s ]
INFO: [ app_init ] --END-- [ RunTime:0.000785s ]
INFO: [ app_begin ] --START--
INFO: Run Behavior\ReadHtmlCacheBehavior [ RunTime:0.000606s ]
INFO: [ app_begin ] --END-- [ RunTime:0.001071s ]
SQL: SELECT * FROM `sk_cate`  [ RunTime:0.0003s ]
INFO: [ view_parse ] --START--
INFO: [ template_filter ] --START--
INFO: Run Behavior\ContentReplaceBehavior [ RunTime:0.000244s ]
INFO: [ template_filter ] --END-- [ RunTime:0.000697s ]
INFO: Run Behavior\ParseTemplateBehavior [ RunTime:0.009880s ]
INFO: [ view_parse ] --END-- [ RunTime:0.010316s ]
INFO: [ view_filter ] --START--
INFO: Run Behavior\WriteHtmlCacheBehavior [ RunTime:0.000492s ]
INFO: [ view_filter ] --END-- [ RunTime:0.000912s ]
INFO: [ app_end ] --START--
INFO: Run Behavior\ShowPageTraceBehavior [ RunTime:0.000683s ]
INFO: [ app_end ] --END-- [ RunTime:0.001124s ]

[ 2016-04-06T02:20:26+08:00 ] 127.0.0.1 /index.php/Admin/Goods/getsel.html
INFO: [ app_init ] --START--
INFO: Run Behavior\BuildLiteBehavior [ RunTime:0.000092s ]
INFO: [ app_init ] --END-- [ RunTime:0.000824s ]
INFO: [ app_begin ] --START--
INFO: Run Behavior\ReadHtmlCacheBehavior [ RunTime:0.000567s ]
INFO: [ app_begin ] --END-- [ RunTime:0.000924s ]
SQL: SELECT * FROM `sk_cate`  [ RunTime:0.0003s ]
SQL: SELECT `id`,`cate_name` FROM `sk_cate` WHERE ( id=3 ) LIMIT 1   [ RunTime:0.0003s ]
SQL: SELECT `id`,`cate_name` FROM `sk_cate` WHERE ( id=4 ) LIMIT 1   [ RunTime:0.0002s ]
SQL: SELECT `id`,`cate_name` FROM `sk_cate` WHERE ( id=5 ) LIMIT 1   [ RunTime:0.0002s ]
SQL: SELECT `id`,`cate_name` FROM `sk_cate` WHERE ( id=6 ) LIMIT 1   [ RunTime:0.0003s ]
SQL: SELECT `id`,`cate_name` FROM `sk_cate` WHERE ( id=7 ) LIMIT 1   [ RunTime:0.0002s ]
SQL: SELECT `id`,`cate_name` FROM `sk_cate` WHERE ( id=8 ) LIMIT 1   [ RunTime:0.0002s ]
SQL: SELECT `id`,`cate_name` FROM `sk_cate` WHERE ( id=9 ) LIMIT 1   [ RunTime:0.0002s ]
SQL: SELECT `id`,`cate_name` FROM `sk_cate` WHERE ( id=10 ) LIMIT 1   [ RunTime:0.0002s ]
SQL: SELECT `id`,`cate_name` FROM `sk_cate` WHERE ( id=11 ) LIMIT 1   [ RunTime:0.0002s ]
SQL: SELECT `id`,`cate_name` FROM `sk_cate` WHERE ( id=12 ) LIMIT 1   [ RunTime:0.0002s ]
SQL: SELECT `id`,`cate_name` FROM `sk_cate` WHERE ( id=13 ) LIMIT 1   [ RunTime:0.0002s ]
SQL: SELECT `id`,`cate_name` FROM `sk_cate` WHERE ( id=14 ) LIMIT 1   [ RunTime:0.0002s ]
SQL: SELECT `id`,`cate_name` FROM `sk_cate` WHERE ( id=15 ) LIMIT 1   [ RunTime:0.0002s ]
SQL: SELECT `id`,`cate_name` FROM `sk_cate` WHERE ( id=16 ) LIMIT 1   [ RunTime:0.0002s ]

[ 2016-04-06T02:20:42+08:00 ] 127.0.0.1 /index.php/Admin/Goods/getsel.html
INFO: [ app_init ] --START--
INFO: Run Behavior\BuildLiteBehavior [ RunTime:0.000090s ]
INFO: [ app_init ] --END-- [ RunTime:0.000802s ]
INFO: [ app_begin ] --START--
INFO: Run Behavior\ReadHtmlCacheBehavior [ RunTime:0.000562s ]
INFO: [ app_begin ] --END-- [ RunTime:0.000913s ]
SQL: SELECT * FROM `sk_cate`  [ RunTime:0.0003s ]
SQL: SELECT `id`,`cate_name` FROM `sk_cate` WHERE ( id=19 ) LIMIT 1   [ RunTime:0.0002s ]
SQL: SELECT `id`,`cate_name` FROM `sk_cate` WHERE ( id=20 ) LIMIT 1   [ RunTime:0.0002s ]
SQL: SELECT `id`,`cate_name` FROM `sk_cate` WHERE ( id=21 ) LIMIT 1   [ RunTime:0.0002s ]
SQL: SELECT `id`,`cate_name` FROM `sk_cate` WHERE ( id=22 ) LIMIT 1   [ RunTime:0.0002s ]
SQL: SELECT `id`,`cate_name` FROM `sk_cate` WHERE ( id=23 ) LIMIT 1   [ RunTime:0.0002s ]
SQL: SELECT `id`,`cate_name` FROM `sk_cate` WHERE ( id=24 ) LIMIT 1   [ RunTime:0.0002s ]

[ 2016-04-06T02:20:46+08:00 ] 127.0.0.1 /index.php/Admin/Goods/getsel.html
INFO: [ app_init ] --START--
INFO: Run Behavior\BuildLiteBehavior [ RunTime:0.000113s ]
INFO: [ app_init ] --END-- [ RunTime:0.000815s ]
INFO: [ app_begin ] --START--
INFO: Run Behavior\ReadHtmlCacheBehavior [ RunTime:0.000517s ]
INFO: [ app_begin ] --END-- [ RunTime:0.000917s ]
SQL: SELECT * FROM `sk_cate`  [ RunTime:0.0003s ]

[ 2016-04-06T02:20:49+08:00 ] 127.0.0.1 /index.php/Admin/Goods/getsel.html
INFO: [ app_init ] --START--
INFO: Run Behavior\BuildLiteBehavior [ RunTime:0.000107s ]
INFO: [ app_init ] --END-- [ RunTime:0.000780s ]
INFO: [ app_begin ] --START--
INFO: Run Behavior\ReadHtmlCacheBehavior [ RunTime:0.000551s ]
INFO: [ app_begin ] --END-- [ RunTime:0.000917s ]
SQL: SELECT * FROM `sk_cate`  [ RunTime:0.0003s ]
SQL: SELECT `id`,`cate_name` FROM `sk_cate` WHERE ( id=3 ) LIMIT 1   [ RunTime:0.0002s ]
SQL: SELECT `id`,`cate_name` FROM `sk_cate` WHERE ( id=4 ) LIMIT 1   [ RunTime:0.0002s ]
SQL: SELECT `id`,`cate_name` FROM `sk_cate` WHERE ( id=5 ) LIMIT 1   [ RunTime:0.0002s ]
SQL: SELECT `id`,`cate_name` FROM `sk_cate` WHERE ( id=6 ) LIMIT 1   [ RunTime:0.0002s ]
SQL: SELECT `id`,`cate_name` FROM `sk_cate` WHERE ( id=7 ) LIMIT 1   [ RunTime:0.0002s ]
SQL: SELECT `id`,`cate_name` FROM `sk_cate` WHERE ( id=8 ) LIMIT 1   [ RunTime:0.0002s ]
SQL: SELECT `id`,`cate_name` FROM `sk_cate` WHERE ( id=9 ) LIMIT 1   [ RunTime:0.0002s ]
SQL: SELECT `id`,`cate_name` FROM `sk_cate` WHERE ( id=10 ) LIMIT 1   [ RunTime:0.0002s ]
SQL: SELECT `id`,`cate_name` FROM `sk_cate` WHERE ( id=11 ) LIMIT 1   [ RunTime:0.0003s ]
SQL: SELECT `id`,`cate_name` FROM `sk_cate` WHERE ( id=12 ) LIMIT 1   [ RunTime:0.0002s ]
SQL: SELECT `id`,`cate_name` FROM `sk_cate` WHERE ( id=13 ) LIMIT 1   [ RunTime:0.0002s ]
SQL: SELECT `id`,`cate_name` FROM `sk_cate` WHERE ( id=14 ) LIMIT 1   [ RunTime:0.0002s ]
SQL: SELECT `id`,`cate_name` FROM `sk_cate` WHERE ( id=15 ) LIMIT 1   [ RunTime:0.0002s ]
SQL: SELECT `id`,`cate_name` FROM `sk_cate` WHERE ( id=16 ) LIMIT 1   [ RunTime:0.0002s ]

