[ 2016-03-01T14:37:18+08:00 ] 127.0.0.1 /index.php/favicon.ico
INFO: [ app_init ] --START--
INFO: Run Behavior\BuildLiteBehavior [ RunTime:0.000034s ]
INFO: [ app_init ] --END-- [ RunTime:0.000422s ]
ERR: 无法加载模块:Favicon

[ 2016-03-01T14:38:10+08:00 ] 127.0.0.1 /index.php/a/guanyuwomen/jianyaojieshao/index.htm
INFO: [ app_init ] --START--
INFO: Run Behavior\BuildLiteBehavior [ RunTime:0.000019s ]
INFO: [ app_init ] --END-- [ RunTime:0.000531s ]
ERR: 无法加载模块:A

[ 2016-03-01T14:52:06+08:00 ] 127.0.0.1 /index.php/a/guanyuwomen/gongchengzhongxin/index.htm
INFO: [ app_init ] --START--
INFO: Run Behavior\BuildLiteBehavior [ RunTime:0.000015s ]
INFO: [ app_init ] --END-- [ RunTime:0.000422s ]
ERR: 无法加载模块:A

[ 2016-03-01T15:47:27+08:00 ] 127.0.0.1 /index.php/uploads/141218/1-14121Q61SW12.jpg
INFO: [ app_init ] --START--
INFO: Run Behavior\BuildLiteBehavior [ RunTime:0.000031s ]
INFO: [ app_init ] --END-- [ RunTime:0.000574s ]
ERR: 无法加载模块:Uploads

[ 2016-03-01T15:47:28+08:00 ] 127.0.0.1 /index.php/templets/default/images/nico.gif
INFO: [ app_init ] --START--
INFO: Run Behavior\BuildLiteBehavior [ RunTime:0.000029s ]
INFO: [ app_init ] --END-- [ RunTime:0.000755s ]
ERR: 无法加载模块:Templets

[ 2016-03-01T15:47:28+08:00 ] 127.0.0.1 /index.php/uploads/141218/1-14121Q61924W1.jpg
INFO: [ app_init ] --START--
INFO: Run Behavior\BuildLiteBehavior [ RunTime:0.000015s ]
INFO: [ app_init ] --END-- [ RunTime:0.000367s ]
ERR: 无法加载模块:Uploads

[ 2016-03-01T15:47:28+08:00 ] 127.0.0.1 /index.php/uploads/141218/1-14121Q62000M1.png
INFO: [ app_init ] --START--
INFO: Run Behavior\BuildLiteBehavior [ RunTime:0.000015s ]
INFO: [ app_init ] --END-- [ RunTime:0.000354s ]
ERR: 无法加载模块:Uploads

[ 2016-03-01T15:47:28+08:00 ] 127.0.0.1 /index.php/templets/default/js/jquery.bxslider.js
INFO: [ app_init ] --START--
INFO: Run Behavior\BuildLiteBehavior [ RunTime:0.000015s ]
INFO: [ app_init ] --END-- [ RunTime:0.000384s ]
ERR: 无法加载模块:Templets

[ 2016-03-01T15:47:28+08:00 ] 127.0.0.1 /index.php/uploads/141218/1-14121Q61SW12.jpg
INFO: [ app_init ] --START--
INFO: Run Behavior\BuildLiteBehavior [ RunTime:0.000012s ]
INFO: [ app_init ] --END-- [ RunTime:0.000321s ]
ERR: 无法加载模块:Uploads

[ 2016-03-01T15:47:28+08:00 ] 127.0.0.1 /index.php/templets/default/images/nico.gif
INFO: [ app_init ] --START--
INFO: Run Behavior\BuildLiteBehavior [ RunTime:0.000017s ]
INFO: [ app_init ] --END-- [ RunTime:0.000383s ]
ERR: 无法加载模块:Templets

[ 2016-03-01T15:47:28+08:00 ] 127.0.0.1 /index.php/uploads/141218/1-14121Q62000M1.png
INFO: [ app_init ] --START--
INFO: Run Behavior\BuildLiteBehavior [ RunTime:0.000021s ]
INFO: [ app_init ] --END-- [ RunTime:0.000446s ]
ERR: 无法加载模块:Uploads

[ 2016-03-01T15:47:28+08:00 ] 127.0.0.1 /index.php/uploads/141218/1-14121Q61924W1.jpg
INFO: [ app_init ] --START--
INFO: Run Behavior\BuildLiteBehavior [ RunTime:0.000015s ]
INFO: [ app_init ] --END-- [ RunTime:0.000406s ]
ERR: 无法加载模块:Uploads

[ 2016-03-01T16:58:59+08:00 ] 127.0.0.1 /index.php/templets/default/js/page.js
INFO: [ app_init ] --START--
INFO: Run Behavior\BuildLiteBehavior [ RunTime:0.000014s ]
INFO: [ app_init ] --END-- [ RunTime:0.000403s ]
ERR: 无法加载模块:Templets

[ 2016-03-01T16:59:00+08:00 ] 127.0.0.1 /index.php/templets/default/js/jquery.bxslider.js
INFO: [ app_init ] --START--
INFO: Run Behavior\BuildLiteBehavior [ RunTime:0.000039s ]
INFO: [ app_init ] --END-- [ RunTime:0.001146s ]
ERR: 无法加载模块:Templets

[ 2016-03-01T17:00:37+08:00 ] 127.0.0.1 /index.php/templets/default/js/page.js
INFO: [ app_init ] --START--
INFO: Run Behavior\BuildLiteBehavior [ RunTime:0.000032s ]
INFO: [ app_init ] --END-- [ RunTime:0.000530s ]
ERR: 无法加载模块:Templets

[ 2016-03-01T17:00:37+08:00 ] 127.0.0.1 /index.php/templets/default/js/jquery.bxslider.js
INFO: [ app_init ] --START--
INFO: Run Behavior\BuildLiteBehavior [ RunTime:0.000032s ]
INFO: [ app_init ] --END-- [ RunTime:0.000606s ]
ERR: 无法加载模块:Templets

[ 2016-03-01T17:00:38+08:00 ] 127.0.0.1 /index.php/templets/default/js/jquery.bxslider.js
INFO: [ app_init ] --START--
INFO: Run Behavior\BuildLiteBehavior [ RunTime:0.000029s ]
INFO: [ app_init ] --END-- [ RunTime:0.000791s ]
ERR: 无法加载模块:Templets

[ 2016-03-01T17:00:38+08:00 ] 127.0.0.1 /index.php/uploads/141218/1-14121Q61SW12.jpg
INFO: [ app_init ] --START--
INFO: Run Behavior\BuildLiteBehavior [ RunTime:0.000015s ]
INFO: [ app_init ] --END-- [ RunTime:0.000402s ]
ERR: 无法加载模块:Uploads

[ 2016-03-01T17:00:38+08:00 ] 127.0.0.1 /index.php/templets/default/images/nico.gif
INFO: [ app_init ] --START--
INFO: Run Behavior\BuildLiteBehavior [ RunTime:0.000015s ]
INFO: [ app_init ] --END-- [ RunTime:0.000376s ]
ERR: 无法加载模块:Templets

[ 2016-03-01T17:00:38+08:00 ] 127.0.0.1 /index.php/uploads/141218/1-14121Q61SW12.jpg
INFO: [ app_init ] --START--
INFO: Run Behavior\BuildLiteBehavior [ RunTime:0.000030s ]
INFO: [ app_init ] --END-- [ RunTime:0.000827s ]
ERR: 无法加载模块:Uploads

[ 2016-03-01T17:00:38+08:00 ] 127.0.0.1 /index.php/templets/default/images/nico.gif
INFO: [ app_init ] --START--
INFO: Run Behavior\BuildLiteBehavior [ RunTime:0.000019s ]
INFO: [ app_init ] --END-- [ RunTime:0.000525s ]
ERR: 无法加载模块:Templets

[ 2016-03-01T17:01:08+08:00 ] 127.0.0.1 /index.php/templets/default/js/page.js
INFO: [ app_init ] --START--
INFO: Run Behavior\BuildLiteBehavior [ RunTime:0.000029s ]
INFO: [ app_init ] --END-- [ RunTime:0.000465s ]
ERR: 无法加载模块:Templets

[ 2016-03-01T17:01:08+08:00 ] 127.0.0.1 /index.php/templets/default/js/jquery.bxslider.js
INFO: [ app_init ] --START--
INFO: Run Behavior\BuildLiteBehavior [ RunTime:0.000026s ]
INFO: [ app_init ] --END-- [ RunTime:0.000575s ]
ERR: 无法加载模块:Templets

[ 2016-03-01T17:01:08+08:00 ] 127.0.0.1 /index.php/uploads/141218/1-14121Q61SW12.jpg
INFO: [ app_init ] --START--
INFO: Run Behavior\BuildLiteBehavior [ RunTime:0.000013s ]
INFO: [ app_init ] --END-- [ RunTime:0.000380s ]
ERR: 无法加载模块:Uploads

[ 2016-03-01T17:01:08+08:00 ] 127.0.0.1 /index.php/uploads/141218/1-14121Q61SW12.jpg
INFO: [ app_init ] --START--
INFO: Run Behavior\BuildLiteBehavior [ RunTime:0.000040s ]
INFO: [ app_init ] --END-- [ RunTime:0.001065s ]
ERR: 无法加载模块:Uploads

[ 2016-03-01T17:01:09+08:00 ] 127.0.0.1 /index.php/templets/default/images/nico.gif
INFO: [ app_init ] --START--
INFO: Run Behavior\BuildLiteBehavior [ RunTime:0.000018s ]
INFO: [ app_init ] --END-- [ RunTime:0.000448s ]
ERR: 无法加载模块:Templets

[ 2016-03-01T17:01:09+08:00 ] 127.0.0.1 /index.php/templets/default/js/page.js
INFO: [ app_init ] --START--
INFO: Run Behavior\BuildLiteBehavior [ RunTime:0.000082s ]
INFO: [ app_init ] --END-- [ RunTime:0.000945s ]
ERR: 无法加载模块:Templets

[ 2016-03-01T17:01:09+08:00 ] 127.0.0.1 /index.php/templets/default/js/jquery.bxslider.js
INFO: [ app_init ] --START--
INFO: Run Behavior\BuildLiteBehavior [ RunTime:0.000021s ]
INFO: [ app_init ] --END-- [ RunTime:0.000435s ]
ERR: 无法加载模块:Templets

[ 2016-03-01T17:01:09+08:00 ] 127.0.0.1 /index.php/uploads/141218/1-14121Q61SW12.jpg
INFO: [ app_init ] --START--
INFO: Run Behavior\BuildLiteBehavior [ RunTime:0.000034s ]
INFO: [ app_init ] --END-- [ RunTime:0.000980s ]
ERR: 无法加载模块:Uploads

[ 2016-03-01T17:01:09+08:00 ] 127.0.0.1 /index.php/uploads/141218/1-14121Q61SW12.jpg
INFO: [ app_init ] --START--
INFO: Run Behavior\BuildLiteBehavior [ RunTime:0.000015s ]
INFO: [ app_init ] --END-- [ RunTime:0.000456s ]
ERR: 无法加载模块:Uploads

[ 2016-03-01T17:01:09+08:00 ] 127.0.0.1 /index.php/templets/default/js/jquery.bxslider.js
INFO: [ app_init ] --START--
INFO: Run Behavior\BuildLiteBehavior [ RunTime:0.000021s ]
INFO: [ app_init ] --END-- [ RunTime:0.000517s ]
ERR: 无法加载模块:Templets

[ 2016-03-01T17:01:09+08:00 ] 127.0.0.1 /index.php/uploads/141218/1-14121Q61SW12.jpg
INFO: [ app_init ] --START--
INFO: Run Behavior\BuildLiteBehavior [ RunTime:0.000015s ]
INFO: [ app_init ] --END-- [ RunTime:0.000386s ]
ERR: 无法加载模块:Uploads

[ 2016-03-01T17:01:09+08:00 ] 127.0.0.1 /index.php/uploads/141218/1-14121Q61SW12.jpg
INFO: [ app_init ] --START--
INFO: Run Behavior\BuildLiteBehavior [ RunTime:0.000031s ]
INFO: [ app_init ] --END-- [ RunTime:0.000477s ]
ERR: 无法加载模块:Uploads

[ 2016-03-01T17:01:10+08:00 ] 127.0.0.1 /index.php/templets/default/images/nico.gif
INFO: [ app_init ] --START--
INFO: Run Behavior\BuildLiteBehavior [ RunTime:0.000071s ]
INFO: [ app_init ] --END-- [ RunTime:0.001423s ]
ERR: 无法加载模块:Templets

[ 2016-03-01T17:01:10+08:00 ] 127.0.0.1 /index.php/templets/default/js/page.js
INFO: [ app_init ] --START--
INFO: Run Behavior\BuildLiteBehavior [ RunTime:0.000031s ]
INFO: [ app_init ] --END-- [ RunTime:0.000564s ]
ERR: 无法加载模块:Templets

[ 2016-03-01T17:01:10+08:00 ] 127.0.0.1 /index.php/templets/default/js/jquery.bxslider.js
INFO: [ app_init ] --START--
INFO: Run Behavior\BuildLiteBehavior [ RunTime:0.000028s ]
INFO: [ app_init ] --END-- [ RunTime:0.000570s ]
ERR: 无法加载模块:Templets

[ 2016-03-01T17:01:10+08:00 ] 127.0.0.1 /index.php/uploads/141218/1-14121Q61SW12.jpg
INFO: [ app_init ] --START--
INFO: Run Behavior\BuildLiteBehavior [ RunTime:0.000026s ]
INFO: [ app_init ] --END-- [ RunTime:0.000420s ]
ERR: 无法加载模块:Uploads

[ 2016-03-01T17:01:10+08:00 ] 127.0.0.1 /index.php/templets/default/images/nico.gif
INFO: [ app_init ] --START--
INFO: Run Behavior\BuildLiteBehavior [ RunTime:0.000061s ]
INFO: [ app_init ] --END-- [ RunTime:0.000796s ]
ERR: 无法加载模块:Templets

[ 2016-03-01T17:01:10+08:00 ] 127.0.0.1 /index.php/uploads/141218/1-14121Q61SW12.jpg
INFO: [ app_init ] --START--
INFO: Run Behavior\BuildLiteBehavior [ RunTime:0.000030s ]
INFO: [ app_init ] --END-- [ RunTime:0.000794s ]
ERR: 无法加载模块:Uploads

[ 2016-03-01T17:01:10+08:00 ] 127.0.0.1 /index.php/templets/default/images/nico.gif
INFO: [ app_init ] --START--
INFO: Run Behavior\BuildLiteBehavior [ RunTime:0.000029s ]
INFO: [ app_init ] --END-- [ RunTime:0.000746s ]
ERR: 无法加载模块:Templets

[ 2016-03-01T17:01:10+08:00 ] 127.0.0.1 /index.php/templets/default/images/nico.gif
INFO: [ app_init ] --START--
INFO: Run Behavior\BuildLiteBehavior [ RunTime:0.000051s ]
INFO: [ app_init ] --END-- [ RunTime:0.000881s ]
ERR: 无法加载模块:Templets

[ 2016-03-01T17:01:50+08:00 ] 127.0.0.1 /index.php/templets/default/js/page.js
INFO: [ app_init ] --START--
INFO: Run Behavior\BuildLiteBehavior [ RunTime:0.000017s ]
INFO: [ app_init ] --END-- [ RunTime:0.000351s ]
ERR: 无法加载模块:Templets

[ 2016-03-01T17:01:50+08:00 ] 127.0.0.1 /index.php/templets/default/js/jquery.bxslider.js
INFO: [ app_init ] --START--
INFO: Run Behavior\BuildLiteBehavior [ RunTime:0.000015s ]
INFO: [ app_init ] --END-- [ RunTime:0.000365s ]
ERR: 无法加载模块:Templets

[ 2016-03-01T17:01:50+08:00 ] 127.0.0.1 /index.php/uploads/141218/1-14121Q61SW12.jpg
INFO: [ app_init ] --START--
INFO: Run Behavior\BuildLiteBehavior [ RunTime:0.000014s ]
INFO: [ app_init ] --END-- [ RunTime:0.000415s ]
ERR: 无法加载模块:Uploads

[ 2016-03-01T17:01:50+08:00 ] 127.0.0.1 /index.php/uploads/141218/1-14121Q61SW12.jpg
INFO: [ app_init ] --START--
INFO: Run Behavior\BuildLiteBehavior [ RunTime:0.000013s ]
INFO: [ app_init ] --END-- [ RunTime:0.000413s ]
ERR: 无法加载模块:Uploads

[ 2016-03-01T17:01:51+08:00 ] 127.0.0.1 /index.php/templets/default/images/nico.gif
INFO: [ app_init ] --START--
INFO: Run Behavior\BuildLiteBehavior [ RunTime:0.000022s ]
INFO: [ app_init ] --END-- [ RunTime:0.000408s ]
ERR: 无法加载模块:Templets

[ 2016-03-01T17:01:56+08:00 ] 127.0.0.1 /index.php/templets/default/js/page.js
INFO: [ app_init ] --START--
INFO: Run Behavior\BuildLiteBehavior [ RunTime:0.000023s ]
INFO: [ app_init ] --END-- [ RunTime:0.000591s ]
ERR: 无法加载模块:Templets

[ 2016-03-01T17:01:56+08:00 ] 127.0.0.1 /index.php/templets/default/js/jquery.bxslider.js
INFO: [ app_init ] --START--
INFO: Run Behavior\BuildLiteBehavior [ RunTime:0.000020s ]
INFO: [ app_init ] --END-- [ RunTime:0.000484s ]
ERR: 无法加载模块:Templets

[ 2016-03-01T17:01:56+08:00 ] 127.0.0.1 /index.php/uploads/141218/1-14121Q61SW12.jpg
INFO: [ app_init ] --START--
INFO: Run Behavior\BuildLiteBehavior [ RunTime:0.000047s ]
INFO: [ app_init ] --END-- [ RunTime:0.000935s ]
ERR: 无法加载模块:Uploads

[ 2016-03-01T17:01:56+08:00 ] 127.0.0.1 /index.php/uploads/141218/1-14121Q61SW12.jpg
INFO: [ app_init ] --START--
INFO: Run Behavior\BuildLiteBehavior [ RunTime:0.000033s ]
INFO: [ app_init ] --END-- [ RunTime:0.000886s ]
ERR: 无法加载模块:Uploads

[ 2016-03-01T17:01:57+08:00 ] 127.0.0.1 /index.php/templets/default/images/nico.gif
INFO: [ app_init ] --START--
INFO: Run Behavior\BuildLiteBehavior [ RunTime:0.000029s ]
INFO: [ app_init ] --END-- [ RunTime:0.000769s ]
ERR: 无法加载模块:Templets

[ 2016-03-01T17:02:43+08:00 ] 127.0.0.1 /index.php/templets/default/js/page.js
INFO: [ app_init ] --START--
INFO: Run Behavior\BuildLiteBehavior [ RunTime:0.000023s ]
INFO: [ app_init ] --END-- [ RunTime:0.000471s ]
ERR: 无法加载模块:Templets

[ 2016-03-01T17:02:43+08:00 ] 127.0.0.1 /index.php/templets/default/js/jquery.bxslider.js
INFO: [ app_init ] --START--
INFO: Run Behavior\BuildLiteBehavior [ RunTime:0.000021s ]
INFO: [ app_init ] --END-- [ RunTime:0.000450s ]
ERR: 无法加载模块:Templets

[ 2016-03-01T17:02:43+08:00 ] 127.0.0.1 /index.php/uploads/141218/1-14121Q61SW12.jpg
INFO: [ app_init ] --START--
INFO: Run Behavior\BuildLiteBehavior [ RunTime:0.000016s ]
INFO: [ app_init ] --END-- [ RunTime:0.000489s ]
ERR: 无法加载模块:Uploads

[ 2016-03-01T17:02:43+08:00 ] 127.0.0.1 /index.php/uploads/141218/1-14121Q61SW12.jpg
INFO: [ app_init ] --START--
INFO: Run Behavior\BuildLiteBehavior [ RunTime:0.000021s ]
INFO: [ app_init ] --END-- [ RunTime:0.000556s ]
ERR: 无法加载模块:Uploads

[ 2016-03-01T17:02:44+08:00 ] 127.0.0.1 /index.php/templets/default/images/nico.gif
INFO: [ app_init ] --START--
INFO: Run Behavior\BuildLiteBehavior [ RunTime:0.000049s ]
INFO: [ app_init ] --END-- [ RunTime:0.001312s ]
ERR: 无法加载模块:Templets

[ 2016-03-01T17:03:41+08:00 ] 127.0.0.1 /index.php/uploads/141218/1-14121Q61SW12.jpg
INFO: [ app_init ] --START--
INFO: Run Behavior\BuildLiteBehavior [ RunTime:0.000016s ]
INFO: [ app_init ] --END-- [ RunTime:0.000367s ]
ERR: 无法加载模块:Uploads

[ 2016-03-01T17:03:41+08:00 ] 127.0.0.1 /index.php/templets/default/images/nico.gif
INFO: [ app_init ] --START--
INFO: Run Behavior\BuildLiteBehavior [ RunTime:0.000027s ]
INFO: [ app_init ] --END-- [ RunTime:0.000433s ]
ERR: 无法加载模块:Templets

[ 2016-03-01T17:03:42+08:00 ] 127.0.0.1 /index.php/uploads/141218/1-14121Q61SW12.jpg
INFO: [ app_init ] --START--
INFO: Run Behavior\BuildLiteBehavior [ RunTime:0.000024s ]
INFO: [ app_init ] --END-- [ RunTime:0.000636s ]
ERR: 无法加载模块:Uploads

[ 2016-03-01T17:03:42+08:00 ] 127.0.0.1 /index.php/templets/default/images/nico.gif
INFO: [ app_init ] --START--
INFO: Run Behavior\BuildLiteBehavior [ RunTime:0.000033s ]
INFO: [ app_init ] --END-- [ RunTime:0.000699s ]
ERR: 无法加载模块:Templets

[ 2016-03-01T17:03:47+08:00 ] 127.0.0.1 /index.php/uploads/141218/1-14121Q61SW12.jpg
INFO: [ app_init ] --START--
INFO: Run Behavior\BuildLiteBehavior [ RunTime:0.000022s ]
INFO: [ app_init ] --END-- [ RunTime:0.000368s ]
ERR: 无法加载模块:Uploads

[ 2016-03-01T17:03:47+08:00 ] 127.0.0.1 /index.php/templets/default/images/nico.gif
INFO: [ app_init ] --START--
INFO: Run Behavior\BuildLiteBehavior [ RunTime:0.000013s ]
INFO: [ app_init ] --END-- [ RunTime:0.000367s ]
ERR: 无法加载模块:Templets

[ 2016-03-01T17:03:48+08:00 ] 127.0.0.1 /index.php/uploads/141218/1-14121Q61SW12.jpg
INFO: [ app_init ] --START--
INFO: Run Behavior\BuildLiteBehavior [ RunTime:0.000013s ]
INFO: [ app_init ] --END-- [ RunTime:0.000347s ]
ERR: 无法加载模块:Uploads

[ 2016-03-01T17:03:48+08:00 ] 127.0.0.1 /index.php/templets/default/images/nico.gif
INFO: [ app_init ] --START--
INFO: Run Behavior\BuildLiteBehavior [ RunTime:0.000013s ]
INFO: [ app_init ] --END-- [ RunTime:0.000337s ]
ERR: 无法加载模块:Templets

[ 2016-03-01T19:09:04+08:00 ] 127.0.0.1 /index.php/uploads/141218/1-14121Q61SW12.jpg
INFO: [ app_init ] --START--
INFO: Run Behavior\BuildLiteBehavior [ RunTime:0.000018s ]
INFO: [ app_init ] --END-- [ RunTime:0.000420s ]
ERR: 无法加载模块:Uploads

[ 2016-03-01T19:09:04+08:00 ] 127.0.0.1 /index.php/uploads/141218/1-14121Q61SW12.jpg
INFO: [ app_init ] --START--
INFO: Run Behavior\BuildLiteBehavior [ RunTime:0.000023s ]
INFO: [ app_init ] --END-- [ RunTime:0.000665s ]
ERR: 无法加载模块:Uploads

[ 2016-03-01T19:09:05+08:00 ] 127.0.0.1 /index.php/templets/default/images/nico.gif
INFO: [ app_init ] --START--
INFO: Run Behavior\BuildLiteBehavior [ RunTime:0.000039s ]
INFO: [ app_init ] --END-- [ RunTime:0.000798s ]
ERR: 无法加载模块:Templets

[ 2016-03-01T19:09:49+08:00 ] 127.0.0.1 /index.php/a/xinwenzixun/index.htm
INFO: [ app_init ] --START--
INFO: Run Behavior\BuildLiteBehavior [ RunTime:0.000025s ]
INFO: [ app_init ] --END-- [ RunTime:0.000546s ]
ERR: 无法加载模块:A

[ 2016-03-01T19:09:55+08:00 ] 127.0.0.1 /index.php/uploads/141218/1-14121Q61SW12.jpg
INFO: [ app_init ] --START--
INFO: Run Behavior\BuildLiteBehavior [ RunTime:0.000014s ]
INFO: [ app_init ] --END-- [ RunTime:0.000339s ]
ERR: 无法加载模块:Uploads

[ 2016-03-01T19:09:55+08:00 ] 127.0.0.1 /index.php/templets/default/images/nico.gif
INFO: [ app_init ] --START--
INFO: Run Behavior\BuildLiteBehavior [ RunTime:0.000015s ]
INFO: [ app_init ] --END-- [ RunTime:0.000485s ]
ERR: 无法加载模块:Templets

[ 2016-03-01T19:09:55+08:00 ] 127.0.0.1 /index.php/uploads/141218/1-14121Q61SW12.jpg
INFO: [ app_init ] --START--
INFO: Run Behavior\BuildLiteBehavior [ RunTime:0.000013s ]
INFO: [ app_init ] --END-- [ RunTime:0.000336s ]
ERR: 无法加载模块:Uploads

[ 2016-03-01T19:09:55+08:00 ] 127.0.0.1 /index.php/templets/default/images/nico.gif
INFO: [ app_init ] --START--
INFO: Run Behavior\BuildLiteBehavior [ RunTime:0.000014s ]
INFO: [ app_init ] --END-- [ RunTime:0.000323s ]
ERR: 无法加载模块:Templets

[ 2016-03-01T19:13:49+08:00 ] 127.0.0.1 /index.php/uploads/141218/1-14121Q61SW12.jpg
INFO: [ app_init ] --START--
INFO: Run Behavior\BuildLiteBehavior [ RunTime:0.000015s ]
INFO: [ app_init ] --END-- [ RunTime:0.000343s ]
ERR: 无法加载模块:Uploads

[ 2016-03-01T19:13:49+08:00 ] 127.0.0.1 /index.php/templets/default/images/nico.gif
INFO: [ app_init ] --START--
INFO: Run Behavior\BuildLiteBehavior [ RunTime:0.000022s ]
INFO: [ app_init ] --END-- [ RunTime:0.000625s ]
ERR: 无法加载模块:Templets

[ 2016-03-01T19:13:49+08:00 ] 127.0.0.1 /index.php/uploads/141218/1-14121Q61SW12.jpg
INFO: [ app_init ] --START--
INFO: Run Behavior\BuildLiteBehavior [ RunTime:0.000013s ]
INFO: [ app_init ] --END-- [ RunTime:0.000366s ]
ERR: 无法加载模块:Uploads

[ 2016-03-01T19:13:49+08:00 ] 127.0.0.1 /index.php/templets/default/images/nico.gif
INFO: [ app_init ] --START--
INFO: Run Behavior\BuildLiteBehavior [ RunTime:0.000013s ]
INFO: [ app_init ] --END-- [ RunTime:0.000379s ]
ERR: 无法加载模块:Templets

[ 2016-03-01T19:19:54+08:00 ] 127.0.0.1 /index.php/uploads/141218/1-14121Q61SW12.jpg
INFO: [ app_init ] --START--
INFO: Run Behavior\BuildLiteBehavior [ RunTime:0.000013s ]
INFO: [ app_init ] --END-- [ RunTime:0.000410s ]
ERR: 无法加载模块:Uploads

[ 2016-03-01T19:19:54+08:00 ] 127.0.0.1 /index.php/uploads/141218/1-14121Q61SW12.jpg
INFO: [ app_init ] --START--
INFO: Run Behavior\BuildLiteBehavior [ RunTime:0.000018s ]
INFO: [ app_init ] --END-- [ RunTime:0.000473s ]
ERR: 无法加载模块:Uploads

[ 2016-03-01T19:19:55+08:00 ] 127.0.0.1 /index.php/templets/default/images/nico.gif
INFO: [ app_init ] --START--
INFO: Run Behavior\BuildLiteBehavior [ RunTime:0.000029s ]
INFO: [ app_init ] --END-- [ RunTime:0.000831s ]
ERR: 无法加载模块:Templets

[ 2016-03-01T19:21:37+08:00 ] 127.0.0.1 /index.php/uploads/141218/1-14121Q61SW12.jpg
INFO: [ app_init ] --START--
INFO: Run Behavior\BuildLiteBehavior [ RunTime:0.000017s ]
INFO: [ app_init ] --END-- [ RunTime:0.000371s ]
ERR: 无法加载模块:Uploads

[ 2016-03-01T19:21:37+08:00 ] 127.0.0.1 /index.php/uploads/141218/1-14121Q61SW12.jpg
INFO: [ app_init ] --START--
INFO: Run Behavior\BuildLiteBehavior [ RunTime:0.000016s ]
INFO: [ app_init ] --END-- [ RunTime:0.000416s ]
ERR: 无法加载模块:Uploads

[ 2016-03-01T19:21:38+08:00 ] 127.0.0.1 /index.php/templets/default/images/nico.gif
INFO: [ app_init ] --START--
INFO: Run Behavior\BuildLiteBehavior [ RunTime:0.000040s ]
INFO: [ app_init ] --END-- [ RunTime:0.001060s ]
ERR: 无法加载模块:Templets

[ 2016-03-01T19:29:12+08:00 ] 127.0.0.1 /index.php/uploads/141218/1-14121Q61SW12.jpg
INFO: [ app_init ] --START--
INFO: Run Behavior\BuildLiteBehavior [ RunTime:0.000014s ]
INFO: [ app_init ] --END-- [ RunTime:0.000417s ]
ERR: 无法加载模块:Uploads

[ 2016-03-01T19:29:13+08:00 ] 127.0.0.1 /index.php/uploads/141218/1-14121Q61SW12.jpg
INFO: [ app_init ] --START--
INFO: Run Behavior\BuildLiteBehavior [ RunTime:0.000013s ]
INFO: [ app_init ] --END-- [ RunTime:0.000377s ]
ERR: 无法加载模块:Uploads

[ 2016-03-01T19:29:14+08:00 ] 127.0.0.1 /index.php/templets/default/images/nico.gif
INFO: [ app_init ] --START--
INFO: Run Behavior\BuildLiteBehavior [ RunTime:0.000015s ]
INFO: [ app_init ] --END-- [ RunTime:0.000399s ]
ERR: 无法加载模块:Templets

[ 2016-03-01T19:32:13+08:00 ] 127.0.0.1 /index.php/uploads/141218/1-14121Q61SW12.jpg
INFO: [ app_init ] --START--
INFO: Run Behavior\BuildLiteBehavior [ RunTime:0.000033s ]
INFO: [ app_init ] --END-- [ RunTime:0.000549s ]
ERR: 无法加载模块:Uploads

[ 2016-03-01T19:32:13+08:00 ] 127.0.0.1 /index.php/templets/default/images/nico.gif
INFO: [ app_init ] --START--
INFO: Run Behavior\BuildLiteBehavior [ RunTime:0.000015s ]
INFO: [ app_init ] --END-- [ RunTime:0.000405s ]
ERR: 无法加载模块:Templets

[ 2016-03-01T19:32:13+08:00 ] 127.0.0.1 /index.php/uploads/141218/1-14121Q61SW12.jpg
INFO: [ app_init ] --START--
INFO: Run Behavior\BuildLiteBehavior [ RunTime:0.000020s ]
INFO: [ app_init ] --END-- [ RunTime:0.000431s ]
ERR: 无法加载模块:Uploads

[ 2016-03-01T19:32:13+08:00 ] 127.0.0.1 /index.php/templets/default/images/nico.gif
INFO: [ app_init ] --START--
INFO: Run Behavior\BuildLiteBehavior [ RunTime:0.000013s ]
INFO: [ app_init ] --END-- [ RunTime:0.000422s ]
ERR: 无法加载模块:Templets

[ 2016-03-01T19:36:25+08:00 ] 127.0.0.1 /index.php/uploads/141218/1-14121Q61SW12.jpg
INFO: [ app_init ] --START--
INFO: Run Behavior\BuildLiteBehavior [ RunTime:0.000026s ]
INFO: [ app_init ] --END-- [ RunTime:0.000640s ]
ERR: 无法加载模块:Uploads

[ 2016-03-01T19:36:25+08:00 ] 127.0.0.1 /index.php/templets/default/images/nico.gif
INFO: [ app_init ] --START--
INFO: Run Behavior\BuildLiteBehavior [ RunTime:0.000029s ]
INFO: [ app_init ] --END-- [ RunTime:0.000426s ]
ERR: 无法加载模块:Templets

[ 2016-03-01T19:37:07+08:00 ] 127.0.0.1 /index.php/uploads/141218/1-14121Q61SW12.jpg
INFO: [ app_init ] --START--
INFO: Run Behavior\BuildLiteBehavior [ RunTime:0.000035s ]
INFO: [ app_init ] --END-- [ RunTime:0.000633s ]
ERR: 无法加载模块:Uploads

[ 2016-03-01T19:37:07+08:00 ] 127.0.0.1 /index.php/uploads/141218/1-14121Q61SW12.jpg
INFO: [ app_init ] --START--
INFO: Run Behavior\BuildLiteBehavior [ RunTime:0.000021s ]
INFO: [ app_init ] --END-- [ RunTime:0.000551s ]
ERR: 无法加载模块:Uploads

[ 2016-03-01T19:37:08+08:00 ] 127.0.0.1 /index.php/templets/default/images/nico.gif
INFO: [ app_init ] --START--
INFO: Run Behavior\BuildLiteBehavior [ RunTime:0.000014s ]
INFO: [ app_init ] --END-- [ RunTime:0.000394s ]
ERR: 无法加载模块:Templets

[ 2016-03-01T21:39:40+08:00 ] 127.0.0.1 /index.php/uploads/141218/1-14121Q61SW12.jpg
INFO: [ app_init ] --START--
INFO: Run Behavior\BuildLiteBehavior [ RunTime:0.000018s ]
INFO: [ app_init ] --END-- [ RunTime:0.000390s ]
ERR: 无法加载模块:Uploads

[ 2016-03-01T21:39:41+08:00 ] 127.0.0.1 /index.php/templets/default/images/nico.gif
INFO: [ app_init ] --START--
INFO: Run Behavior\BuildLiteBehavior [ RunTime:0.000033s ]
INFO: [ app_init ] --END-- [ RunTime:0.000879s ]
ERR: 无法加载模块:Templets

