[ 2016-02-29T16:43:19+08:00 ] 127.0.0.1 /index.php/skin/css/master.css
INFO: [ app_init ] --START--
INFO: Run Behavior\BuildLiteBehavior [ RunTime:0.000027s ]
INFO: [ app_init ] --END-- [ RunTime:0.000562s ]
ERR: 无法加载模块:Skin

[ 2016-02-29T16:43:19+08:00 ] 127.0.0.1 /index.php/skin/images/ma.jpg
INFO: [ app_init ] --START--
INFO: Run Behavior\BuildLiteBehavior [ RunTime:0.000025s ]
INFO: [ app_init ] --END-- [ RunTime:0.000406s ]
ERR: 无法加载模块:Skin

[ 2016-02-29T16:43:19+08:00 ] 127.0.0.1 /index.php/skin/images/logo.png
INFO: [ app_init ] --START--
INFO: Run Behavior\BuildLiteBehavior [ RunTime:0.000035s ]
INFO: [ app_init ] --END-- [ RunTime:0.000556s ]
ERR: 无法加载模块:Skin

[ 2016-02-29T16:43:19+08:00 ] 127.0.0.1 /index.php/skin/images/toptel.png
INFO: [ app_init ] --START--
INFO: Run Behavior\BuildLiteBehavior [ RunTime:0.000019s ]
INFO: [ app_init ] --END-- [ RunTime:0.000447s ]
ERR: 无法加载模块:Skin

[ 2016-02-29T16:43:19+08:00 ] 127.0.0.1 /index.php/skin/images/1-150204114401220.jpg
INFO: [ app_init ] --START--
INFO: Run Behavior\BuildLiteBehavior [ RunTime:0.000085s ]
INFO: [ app_init ] --END-- [ RunTime:0.001043s ]
ERR: 无法加载模块:Skin

[ 2016-02-29T16:43:19+08:00 ] 127.0.0.1 /index.php/uploads/allimg/150313/1-150313153002O1-lp.jpg
INFO: [ app_init ] --START--
INFO: Run Behavior\BuildLiteBehavior [ RunTime:0.000013s ]
INFO: [ app_init ] --END-- [ RunTime:0.000358s ]
ERR: 无法加载模块:Uploads

[ 2016-02-29T16:43:19+08:00 ] 127.0.0.1 /index.php/uploads/allimg/150313/1-150313152945R3-lp.jpg
INFO: [ app_init ] --START--
INFO: Run Behavior\BuildLiteBehavior [ RunTime:0.000014s ]
INFO: [ app_init ] --END-- [ RunTime:0.000377s ]
ERR: 无法加载模块:Uploads

[ 2016-02-29T16:43:19+08:00 ] 127.0.0.1 /index.php/uploads/allimg/150313/1-15031315291U40-lp.jpg
INFO: [ app_init ] --START--
INFO: Run Behavior\BuildLiteBehavior [ RunTime:0.000014s ]
INFO: [ app_init ] --END-- [ RunTime:0.000328s ]
ERR: 无法加载模块:Uploads

[ 2016-02-29T16:43:19+08:00 ] 127.0.0.1 /index.php/uploads/allimg/150313/1-150313152U3G5-lp.jpg
INFO: [ app_init ] --START--
INFO: Run Behavior\BuildLiteBehavior [ RunTime:0.000014s ]
INFO: [ app_init ] --END-- [ RunTime:0.000334s ]
ERR: 无法加载模块:Uploads

[ 2016-02-29T16:43:19+08:00 ] 127.0.0.1 /index.php/uploads/allimg/150313/1-150313152S3520-lp.jpg
INFO: [ app_init ] --START--
INFO: Run Behavior\BuildLiteBehavior [ RunTime:0.000014s ]
INFO: [ app_init ] --END-- [ RunTime:0.000320s ]
ERR: 无法加载模块:Uploads

[ 2016-02-29T16:43:19+08:00 ] 127.0.0.1 /index.php/uploads/allimg/150313/1-150313152K0515-lp.jpg
INFO: [ app_init ] --START--
INFO: Run Behavior\BuildLiteBehavior [ RunTime:0.000031s ]
INFO: [ app_init ] --END-- [ RunTime:0.000396s ]
ERR: 无法加载模块:Uploads

[ 2016-02-29T16:43:19+08:00 ] 127.0.0.1 /index.php/uploads/allimg/150313/1-150313152G3350-lp.jpg
INFO: [ app_init ] --START--
INFO: Run Behavior\BuildLiteBehavior [ RunTime:0.000014s ]
INFO: [ app_init ] --END-- [ RunTime:0.000391s ]
ERR: 无法加载模块:Uploads

[ 2016-02-29T16:43:19+08:00 ] 127.0.0.1 /index.php/uploads/allimg/150313/1-15031315264TJ-lp.jpg
INFO: [ app_init ] --START--
INFO: Run Behavior\BuildLiteBehavior [ RunTime:0.000012s ]
INFO: [ app_init ] --END-- [ RunTime:0.000328s ]
ERR: 无法加载模块:Uploads

[ 2016-02-29T16:43:19+08:00 ] 127.0.0.1 /index.php/skin/images/about.jpg
INFO: [ app_init ] --START--
INFO: Run Behavior\BuildLiteBehavior [ RunTime:0.000013s ]
INFO: [ app_init ] --END-- [ RunTime:0.000324s ]
ERR: 无法加载模块:Skin

[ 2016-02-29T16:43:19+08:00 ] 127.0.0.1 /index.php/uploads/allimg/150320/1-150320104441M5-lp.jpg
INFO: [ app_init ] --START--
INFO: Run Behavior\BuildLiteBehavior [ RunTime:0.000012s ]
INFO: [ app_init ] --END-- [ RunTime:0.000325s ]
ERR: 无法加载模块:Uploads

[ 2016-02-29T16:43:19+08:00 ] 127.0.0.1 /index.php/uploads/allimg/150320/1-150320104424937-lp.jpg
INFO: [ app_init ] --START--
INFO: Run Behavior\BuildLiteBehavior [ RunTime:0.000015s ]
INFO: [ app_init ] --END-- [ RunTime:0.000375s ]
ERR: 无法加载模块:Uploads

[ 2016-02-29T16:43:19+08:00 ] 127.0.0.1 /index.php/uploads/allimg/150320/1-150320104341I8-lp.jpg
INFO: [ app_init ] --START--
INFO: Run Behavior\BuildLiteBehavior [ RunTime:0.000012s ]
INFO: [ app_init ] --END-- [ RunTime:0.000313s ]
ERR: 无法加载模块:Uploads

[ 2016-02-29T16:43:19+08:00 ] 127.0.0.1 /index.php/uploads/allimg/150320/1-150320104322c5-lp.jpg
INFO: [ app_init ] --START--
INFO: Run Behavior\BuildLiteBehavior [ RunTime:0.000022s ]
INFO: [ app_init ] --END-- [ RunTime:0.000577s ]
ERR: 无法加载模块:Uploads

[ 2016-02-29T16:43:20+08:00 ] 127.0.0.1 /index.php/skin/js/nav.js
INFO: [ app_init ] --START--
INFO: Run Behavior\BuildLiteBehavior [ RunTime:0.000030s ]
INFO: [ app_init ] --END-- [ RunTime:0.000800s ]
ERR: 无法加载模块:Skin

[ 2016-02-29T16:43:20+08:00 ] 127.0.0.1 /index.php/skin/js/jquery-1.8.0.min.js
INFO: [ app_init ] --START--
INFO: Run Behavior\BuildLiteBehavior [ RunTime:0.000015s ]
INFO: [ app_init ] --END-- [ RunTime:0.000467s ]
ERR: 无法加载模块:Skin

[ 2016-02-29T16:43:20+08:00 ] 127.0.0.1 /index.php/skin/images/logo.png
INFO: [ app_init ] --START--
INFO: Run Behavior\BuildLiteBehavior [ RunTime:0.000014s ]
INFO: [ app_init ] --END-- [ RunTime:0.000383s ]
ERR: 无法加载模块:Skin

[ 2016-02-29T16:43:20+08:00 ] 127.0.0.1 /index.php/skin/images/ma.jpg
INFO: [ app_init ] --START--
INFO: Run Behavior\BuildLiteBehavior [ RunTime:0.000014s ]
INFO: [ app_init ] --END-- [ RunTime:0.000364s ]
ERR: 无法加载模块:Skin

[ 2016-02-29T16:43:20+08:00 ] 127.0.0.1 /index.php/uploads/allimg/150313/1-150313152U3G5-lp.jpg
INFO: [ app_init ] --START--
INFO: Run Behavior\BuildLiteBehavior [ RunTime:0.000016s ]
INFO: [ app_init ] --END-- [ RunTime:0.000368s ]
ERR: 无法加载模块:Uploads


[ 2016-02-29T16:43:20+08:00 ] 127.0.0.1 /index.php/uploads/allimg/150313/1-150313152S3520-lp.jpg
INFO: [ app_init ] --START--
INFO: Run Behavior\BuildLiteBehavior [ RunTime:0.000014s ]
INFO: [ app_init ] --END-- [ RunTime:0.000372s ]
ERR: 无法加载模块:Uploads

[ 2016-02-29T16:43:20+08:00 ] 127.0.0.1 /index.php/uploads/allimg/150313/1-150313152K0515-lp.jpg
INFO: [ app_init ] --START--
INFO: Run Behavior\BuildLiteBehavior [ RunTime:0.000014s ]
INFO: [ app_init ] --END-- [ RunTime:0.000354s ]
ERR: 无法加载模块:Uploads

[ 2016-02-29T16:43:20+08:00 ] 127.0.0.1 /index.php/uploads/allimg/150313/1-150313152G3350-lp.jpg
INFO: [ app_init ] --START--
INFO: Run Behavior\BuildLiteBehavior [ RunTime:0.000024s ]
INFO: [ app_init ] --END-- [ RunTime:0.000436s ]
ERR: 无法加载模块:Uploads

[ 2016-02-29T16:43:20+08:00 ] 127.0.0.1 /index.php/uploads/allimg/150313/1-15031315264TJ-lp.jpg
INFO: [ app_init ] --START--
INFO: Run Behavior\BuildLiteBehavior [ RunTime:0.000017s ]
INFO: [ app_init ] --END-- [ RunTime:0.000447s ]
ERR: 无法加载模块:Uploads

[ 2016-02-29T16:43:20+08:00 ] 127.0.0.1 /index.php/skin/images/about.jpg
INFO: [ app_init ] --START--
INFO: Run Behavior\BuildLiteBehavior [ RunTime:0.000013s ]
INFO: [ app_init ] --END-- [ RunTime:0.000465s ]
ERR: 无法加载模块:Skin

[ 2016-02-29T16:43:20+08:00 ] 127.0.0.1 /index.php/uploads/allimg/150320/1-150320104441M5-lp.jpg
INFO: [ app_init ] --START--
INFO: Run Behavior\BuildLiteBehavior [ RunTime:0.000014s ]
INFO: [ app_init ] --END-- [ RunTime:0.000360s ]
ERR: 无法加载模块:Uploads

[ 2016-02-29T16:43:20+08:00 ] 127.0.0.1 /index.php/uploads/allimg/150320/1-150320104424937-lp.jpg
INFO: [ app_init ] --START--
INFO: Run Behavior\BuildLiteBehavior [ RunTime:0.000016s ]
INFO: [ app_init ] --END-- [ RunTime:0.000374s ]
ERR: 无法加载模块:Uploads

[ 2016-02-29T16:43:20+08:00 ] 127.0.0.1 /index.php/uploads/allimg/150320/1-150320104341I8-lp.jpg
INFO: [ app_init ] --START--
INFO: Run Behavior\BuildLiteBehavior [ RunTime:0.000022s ]
INFO: [ app_init ] --END-- [ RunTime:0.000621s ]
ERR: 无法加载模块:Uploads

[ 2016-02-29T16:43:20+08:00 ] 127.0.0.1 /index.php/uploads/allimg/150320/1-150320104322c5-lp.jpg
INFO: [ app_init ] --START--
INFO: Run Behavior\BuildLiteBehavior [ RunTime:0.000016s ]
INFO: [ app_init ] --END-- [ RunTime:0.000387s ]
ERR: 无法加载模块:Uploads

[ 2016-02-29T16:43:20+08:00 ] 127.0.0.1 /index.php/skin/images/ma.jpg
INFO: [ app_init ] --START--
INFO: Run Behavior\BuildLiteBehavior [ RunTime:0.000016s ]
INFO: [ app_init ] --END-- [ RunTime:0.000407s ]
ERR: 无法加载模块:Skin

[ 2016-02-29T16:43:20+08:00 ] 127.0.0.1 /index.php/skin/images/logo.png
INFO: [ app_init ] --START--
INFO: Run Behavior\BuildLiteBehavior [ RunTime:0.000012s ]
INFO: [ app_init ] --END-- [ RunTime:0.000331s ]
ERR: 无法加载模块:Skin

[ 2016-02-29T16:43:20+08:00 ] 127.0.0.1 /index.php/uploads/allimg/150313/1-15031315291U40-lp.jpg
INFO: [ app_init ] --START--
INFO: Run Behavior\BuildLiteBehavior [ RunTime:0.000015s ]
INFO: [ app_init ] --END-- [ RunTime:0.000444s ]
ERR: 无法加载模块:Uploads

[ 2016-02-29T16:43:20+08:00 ] 127.0.0.1 /index.php/uploads/allimg/150313/1-150313152U3G5-lp.jpg
INFO: [ app_init ] --START--
INFO: Run Behavior\BuildLiteBehavior [ RunTime:0.000013s ]
INFO: [ app_init ] --END-- [ RunTime:0.000398s ]
ERR: 无法加载模块:Uploads

[ 2016-02-29T16:43:20+08:00 ] 127.0.0.1 /index.php/uploads/allimg/150313/1-150313152S3520-lp.jpg
INFO: [ app_init ] --START--
INFO: Run Behavior\BuildLiteBehavior [ RunTime:0.000030s ]
INFO: [ app_init ] --END-- [ RunTime:0.000448s ]
ERR: 无法加载模块:Uploads

[ 2016-02-29T16:43:20+08:00 ] 127.0.0.1 /index.php/uploads/allimg/150313/1-150313152K0515-lp.jpg
INFO: [ app_init ] --START--
INFO: Run Behavior\BuildLiteBehavior [ RunTime:0.000046s ]
INFO: [ app_init ] --END-- [ RunTime:0.000717s ]
ERR: 无法加载模块:Uploads

[ 2016-02-29T16:43:20+08:00 ] 127.0.0.1 /index.php/uploads/allimg/150313/1-150313152G3350-lp.jpg
INFO: [ app_init ] --START--
INFO: Run Behavior\BuildLiteBehavior [ RunTime:0.000026s ]
INFO: [ app_init ] --END-- [ RunTime:0.000415s ]
ERR: 无法加载模块:Uploads

[ 2016-02-29T16:43:20+08:00 ] 127.0.0.1 /index.php/uploads/allimg/150313/1-15031315264TJ-lp.jpg
INFO: [ app_init ] --START--
INFO: Run Behavior\BuildLiteBehavior [ RunTime:0.000015s ]
INFO: [ app_init ] --END-- [ RunTime:0.000435s ]
ERR: 无法加载模块:Uploads

[ 2016-02-29T16:43:20+08:00 ] 127.0.0.1 /index.php/skin/images/about.jpg
INFO: [ app_init ] --START--
INFO: Run Behavior\BuildLiteBehavior [ RunTime:0.000029s ]
INFO: [ app_init ] --END-- [ RunTime:0.000371s ]
ERR: 无法加载模块:Skin

[ 2016-02-29T16:43:20+08:00 ] 127.0.0.1 /index.php/uploads/allimg/150320/1-150320104441M5-lp.jpg
INFO: [ app_init ] --START--
INFO: Run Behavior\BuildLiteBehavior [ RunTime:0.000013s ]
INFO: [ app_init ] --END-- [ RunTime:0.000339s ]
ERR: 无法加载模块:Uploads

[ 2016-02-29T16:43:21+08:00 ] 127.0.0.1 /index.php/skin/images/ma.jpg
INFO: [ app_init ] --START--
INFO: Run Behavior\BuildLiteBehavior [ RunTime:0.000014s ]
INFO: [ app_init ] --END-- [ RunTime:0.000409s ]
ERR: 无法加载模块:Skin

[ 2016-02-29T16:43:21+08:00 ] 127.0.0.1 /index.php/skin/images/logo.png
INFO: [ app_init ] --START--
INFO: Run Behavior\BuildLiteBehavior [ RunTime:0.000015s ]
INFO: [ app_init ] --END-- [ RunTime:0.000402s ]
ERR: 无法加载模块:Skin

[ 2016-02-29T16:43:21+08:00 ] 127.0.0.1 /index.php/uploads/allimg/150313/1-15031315291U40-lp.jpg
INFO: [ app_init ] --START--
INFO: Run Behavior\BuildLiteBehavior [ RunTime:0.000016s ]
INFO: [ app_init ] --END-- [ RunTime:0.000399s ]
ERR: 无法加载模块:Uploads

[ 2016-02-29T16:43:21+08:00 ] 127.0.0.1 /index.php/uploads/allimg/150313/1-150313152U3G5-lp.jpg
INFO: [ app_init ] --START--
INFO: Run Behavior\BuildLiteBehavior [ RunTime:0.000022s ]
INFO: [ app_init ] --END-- [ RunTime:0.000434s ]
ERR: 无法加载模块:Uploads

[ 2016-02-29T16:43:21+08:00 ] 127.0.0.1 /index.php/uploads/allimg/150313/1-150313152S3520-lp.jpg
INFO: [ app_init ] --START--
INFO: Run Behavior\BuildLiteBehavior [ RunTime:0.000017s ]
INFO: [ app_init ] --END-- [ RunTime:0.000420s ]
ERR: 无法加载模块:Uploads

[ 2016-02-29T16:43:21+08:00 ] 127.0.0.1 /index.php/uploads/allimg/150313/1-150313152K0515-lp.jpg
INFO: [ app_init ] --START--
INFO: Run Behavior\BuildLiteBehavior [ RunTime:0.000021s ]
INFO: [ app_init ] --END-- [ RunTime:0.000473s ]
ERR: 无法加载模块:Uploads

[ 2016-02-29T16:43:21+08:00 ] 127.0.0.1 /index.php/uploads/allimg/150313/1-15031315264TJ-lp.jpg
INFO: [ app_init ] --START--
INFO: Run Behavior\BuildLiteBehavior [ RunTime:0.000023s ]
INFO: [ app_init ] --END-- [ RunTime:0.000350s ]
ERR: 无法加载模块:Uploads

[ 2016-02-29T16:43:21+08:00 ] 127.0.0.1 /index.php/uploads/allimg/150313/1-150313152G3350-lp.jpg
INFO: [ app_init ] --START--
INFO: Run Behavior\BuildLiteBehavior [ RunTime:0.000013s ]
INFO: [ app_init ] --END-- [ RunTime:0.000351s ]
ERR: 无法加载模块:Uploads

[ 2016-02-29T16:43:21+08:00 ] 127.0.0.1 /index.php/skin/images/about.jpg
INFO: [ app_init ] --START--
INFO: Run Behavior\BuildLiteBehavior [ RunTime:0.000013s ]
INFO: [ app_init ] --END-- [ RunTime:0.000323s ]
ERR: 无法加载模块:Skin

[ 2016-02-29T16:43:21+08:00 ] 127.0.0.1 /index.php/uploads/allimg/150320/1-150320104441M5-lp.jpg
INFO: [ app_init ] --START--
INFO: Run Behavior\BuildLiteBehavior [ RunTime:0.000012s ]
INFO: [ app_init ] --END-- [ RunTime:0.000327s ]
ERR: 无法加载模块:Uploads

[ 2016-02-29T16:43:21+08:00 ] 127.0.0.1 /index.php/uploads/allimg/150320/1-150320104424937-lp.jpg
INFO: [ app_init ] --START--
INFO: Run Behavior\BuildLiteBehavior [ RunTime:0.000015s ]
INFO: [ app_init ] --END-- [ RunTime:0.000494s ]
ERR: 无法加载模块:Uploads

[ 2016-02-29T16:43:21+08:00 ] 127.0.0.1 /index.php/uploads/allimg/150320/1-150320104341I8-lp.jpg
INFO: [ app_init ] --START--
INFO: Run Behavior\BuildLiteBehavior [ RunTime:0.000016s ]
INFO: [ app_init ] --END-- [ RunTime:0.000493s ]
ERR: 无法加载模块:Uploads

[ 2016-02-29T16:43:21+08:00 ] 127.0.0.1 /index.php/uploads/allimg/150320/1-150320104322c5-lp.jpg
INFO: [ app_init ] --START--
INFO: Run Behavior\BuildLiteBehavior [ RunTime:0.000014s ]
INFO: [ app_init ] --END-- [ RunTime:0.000526s ]
ERR: 无法加载模块:Uploads

[ 2016-02-29T16:43:21+08:00 ] 127.0.0.1 /index.php/skin/images/toptel.png
INFO: [ app_init ] --START--
INFO: Run Behavior\BuildLiteBehavior [ RunTime:0.000024s ]
INFO: [ app_init ] --END-- [ RunTime:0.000554s ]
ERR: 无法加载模块:Skin

[ 2016-02-29T16:43:21+08:00 ] 127.0.0.1 /index.php/skin/images/1-150204114401220.jpg
INFO: [ app_init ] --START--
INFO: Run Behavior\BuildLiteBehavior [ RunTime:0.000024s ]
INFO: [ app_init ] --END-- [ RunTime:0.000597s ]
ERR: 无法加载模块:Skin

[ 2016-02-29T16:43:21+08:00 ] 127.0.0.1 /index.php/uploads/allimg/150313/1-150313153002O1-lp.jpg
INFO: [ app_init ] --START--
INFO: Run Behavior\BuildLiteBehavior [ RunTime:0.000017s ]
INFO: [ app_init ] --END-- [ RunTime:0.000446s ]
ERR: 无法加载模块:Uploads

[ 2016-02-29T16:43:21+08:00 ] 127.0.0.1 /index.php/uploads/allimg/150313/1-150313152945R3-lp.jpg
INFO: [ app_init ] --START--
INFO: Run Behavior\BuildLiteBehavior [ RunTime:0.000016s ]
INFO: [ app_init ] --END-- [ RunTime:0.000441s ]
ERR: 无法加载模块:Uploads

[ 2016-02-29T16:44:49+08:00 ] 127.0.0.1 /index.php/uploads/allimg/150313/1-150313153002O1-lp.jpg
INFO: [ app_init ] --START--
INFO: Run Behavior\BuildLiteBehavior [ RunTime:0.000027s ]
INFO: [ app_init ] --END-- [ RunTime:0.000637s ]
ERR: 无法加载模块:Uploads

[ 2016-02-29T16:44:49+08:00 ] 127.0.0.1 /index.php/uploads/allimg/150313/1-150313152U3G5-lp.jpg
INFO: [ app_init ] --START--
INFO: Run Behavior\BuildLiteBehavior [ RunTime:0.000028s ]
INFO: [ app_init ] --END-- [ RunTime:0.000604s ]
ERR: 无法加载模块:Uploads

[ 2016-02-29T16:44:49+08:00 ] 127.0.0.1 /index.php/uploads/allimg/150313/1-15031315291U40-lp.jpg
INFO: [ app_init ] --START--
INFO: Run Behavior\BuildLiteBehavior [ RunTime:0.000021s ]
INFO: [ app_init ] --END-- [ RunTime:0.000648s ]
ERR: 无法加载模块:Uploads

[ 2016-02-29T16:44:49+08:00 ] 127.0.0.1 /index.php/uploads/allimg/150313/1-150313152945R3-lp.jpg
INFO: [ app_init ] --START--
INFO: Run Behavior\BuildLiteBehavior [ RunTime:0.000024s ]
INFO: [ app_init ] --END-- [ RunTime:0.000550s ]
ERR: 无法加载模块:Uploads

[ 2016-02-29T16:44:49+08:00 ] 127.0.0.1 /index.php/uploads/allimg/150313/1-150313152G3350-lp.jpg
INFO: [ app_init ] --START--
INFO: Run Behavior\BuildLiteBehavior [ RunTime:0.000024s ]
INFO: [ app_init ] --END-- [ RunTime:0.000672s ]
ERR: 无法加载模块:Uploads

[ 2016-02-29T16:44:49+08:00 ] 127.0.0.1 /index.php/uploads/allimg/150313/1-15031315264TJ-lp.jpg
INFO: [ app_init ] --START--
INFO: Run Behavior\BuildLiteBehavior [ RunTime:0.000073s ]
INFO: [ app_init ] --END-- [ RunTime:0.001217s ]
ERR: 无法加载模块:Uploads

[ 2016-02-29T16:44:49+08:00 ] 127.0.0.1 /index.php/uploads/allimg/150320/1-150320104441M5-lp.jpg
INFO: [ app_init ] --START--
INFO: Run Behavior\BuildLiteBehavior [ RunTime:0.000023s ]
INFO: [ app_init ] --END-- [ RunTime:0.000569s ]
ERR: 无法加载模块:Uploads

[ 2016-02-29T16:44:49+08:00 ] 127.0.0.1 /index.php/uploads/allimg/150320/1-150320104424937-lp.jpg
INFO: [ app_init ] --START--
INFO: Run Behavior\BuildLiteBehavior [ RunTime:0.000017s ]
INFO: [ app_init ] --END-- [ RunTime:0.000396s ]
ERR: 无法加载模块:Uploads

[ 2016-02-29T16:44:49+08:00 ] 127.0.0.1 /index.php/uploads/allimg/150320/1-150320104341I8-lp.jpg
INFO: [ app_init ] --START--
INFO: Run Behavior\BuildLiteBehavior [ RunTime:0.000044s ]
INFO: [ app_init ] --END-- [ RunTime:0.000706s ]
ERR: 无法加载模块:Uploads

[ 2016-02-29T16:44:49+08:00 ] 127.0.0.1 /index.php/uploads/allimg/150320/1-150320104322c5-lp.jpg
INFO: [ app_init ] --START--
INFO: Run Behavior\BuildLiteBehavior [ RunTime:0.000020s ]
INFO: [ app_init ] --END-- [ RunTime:0.000482s ]
ERR: 无法加载模块:Uploads

[ 2016-02-29T16:44:49+08:00 ] 127.0.0.1 /index.php/uploads/allimg/150313/1-150313153002O1-lp.jpg
INFO: [ app_init ] --START--
INFO: Run Behavior\BuildLiteBehavior [ RunTime:0.000029s ]
INFO: [ app_init ] --END-- [ RunTime:0.000733s ]
ERR: 无法加载模块:Uploads

[ 2016-02-29T16:44:49+08:00 ] 127.0.0.1 /index.php/uploads/allimg/150313/1-150313152945R3-lp.jpg
INFO: [ app_init ] --START--
INFO: Run Behavior\BuildLiteBehavior [ RunTime:0.000028s ]
INFO: [ app_init ] --END-- [ RunTime:0.000764s ]
ERR: 无法加载模块:Uploads

[ 2016-02-29T16:44:49+08:00 ] 127.0.0.1 /index.php/uploads/allimg/150313/1-15031315291U40-lp.jpg
INFO: [ app_init ] --START--
INFO: Run Behavior\BuildLiteBehavior [ RunTime:0.000054s ]
INFO: [ app_init ] --END-- [ RunTime:0.000835s ]
ERR: 无法加载模块:Uploads

[ 2016-02-29T16:44:49+08:00 ] 127.0.0.1 /index.php/uploads/allimg/150313/1-150313152U3G5-lp.jpg
INFO: [ app_init ] --START--
INFO: Run Behavior\BuildLiteBehavior [ RunTime:0.000016s ]
INFO: [ app_init ] --END-- [ RunTime:0.000418s ]
ERR: 无法加载模块:Uploads

[ 2016-02-29T16:44:49+08:00 ] 127.0.0.1 /index.php/uploads/allimg/150313/1-150313152G3350-lp.jpg
INFO: [ app_init ] --START--
INFO: Run Behavior\BuildLiteBehavior [ RunTime:0.000016s ]
INFO: [ app_init ] --END-- [ RunTime:0.000449s ]
ERR: 无法加载模块:Uploads

[ 2016-02-29T16:44:49+08:00 ] 127.0.0.1 /index.php/uploads/allimg/150313/1-15031315264TJ-lp.jpg
INFO: [ app_init ] --START--
INFO: Run Behavior\BuildLiteBehavior [ RunTime:0.000015s ]
INFO: [ app_init ] --END-- [ RunTime:0.000435s ]
ERR: 无法加载模块:Uploads

[ 2016-02-29T16:44:49+08:00 ] 127.0.0.1 /index.php/uploads/allimg/150320/1-150320104441M5-lp.jpg
INFO: [ app_init ] --START--
INFO: Run Behavior\BuildLiteBehavior [ RunTime:0.000023s ]
INFO: [ app_init ] --END-- [ RunTime:0.000564s ]
ERR: 无法加载模块:Uploads

[ 2016-02-29T16:44:49+08:00 ] 127.0.0.1 /index.php/uploads/allimg/150320/1-150320104424937-lp.jpg
INFO: [ app_init ] --START--
INFO: Run Behavior\BuildLiteBehavior [ RunTime:0.000270s ]
INFO: [ app_init ] --END-- [ RunTime:0.000978s ]
ERR: 无法加载模块:Uploads

[ 2016-02-29T16:44:49+08:00 ] 127.0.0.1 /index.php/uploads/allimg/150320/1-150320104341I8-lp.jpg
INFO: [ app_init ] --START--
INFO: Run Behavior\BuildLiteBehavior [ RunTime:0.000026s ]
INFO: [ app_init ] --END-- [ RunTime:0.000604s ]
ERR: 无法加载模块:Uploads

[ 2016-02-29T16:44:49+08:00 ] 127.0.0.1 /index.php/uploads/allimg/150320/1-150320104322c5-lp.jpg
INFO: [ app_init ] --START--
INFO: Run Behavior\BuildLiteBehavior [ RunTime:0.000020s ]
INFO: [ app_init ] --END-- [ RunTime:0.000554s ]
ERR: 无法加载模块:Uploads

[ 2016-02-29T16:44:49+08:00 ] 127.0.0.1 /index.php/uploads/allimg/150313/1-150313152945R3-lp.jpg
INFO: [ app_init ] --START--
INFO: Run Behavior\BuildLiteBehavior [ RunTime:0.000014s ]
INFO: [ app_init ] --END-- [ RunTime:0.000346s ]
ERR: 无法加载模块:Uploads

[ 2016-02-29T16:44:49+08:00 ] 127.0.0.1 /index.php/uploads/allimg/150313/1-150313153002O1-lp.jpg
INFO: [ app_init ] --START--
INFO: Run Behavior\BuildLiteBehavior [ RunTime:0.000023s ]
INFO: [ app_init ] --END-- [ RunTime:0.000358s ]
ERR: 无法加载模块:Uploads

[ 2016-02-29T16:44:49+08:00 ] 127.0.0.1 /index.php/uploads/allimg/150313/1-15031315291U40-lp.jpg
INFO: [ app_init ] --START--
INFO: Run Behavior\BuildLiteBehavior [ RunTime:0.000013s ]
INFO: [ app_init ] --END-- [ RunTime:0.000382s ]
ERR: 无法加载模块:Uploads

[ 2016-02-29T16:44:49+08:00 ] 127.0.0.1 /index.php/uploads/allimg/150313/1-150313152U3G5-lp.jpg
INFO: [ app_init ] --START--
INFO: Run Behavior\BuildLiteBehavior [ RunTime:0.000041s ]
INFO: [ app_init ] --END-- [ RunTime:0.000559s ]
ERR: 无法加载模块:Uploads

[ 2016-02-29T16:44:49+08:00 ] 127.0.0.1 /index.php/uploads/allimg/150313/1-150313152G3350-lp.jpg
INFO: [ app_init ] --START--
INFO: Run Behavior\BuildLiteBehavior [ RunTime:0.000019s ]
INFO: [ app_init ] --END-- [ RunTime:0.000473s ]
ERR: 无法加载模块:Uploads

[ 2016-02-29T16:44:49+08:00 ] 127.0.0.1 /index.php/uploads/allimg/150313/1-15031315264TJ-lp.jpg
INFO: [ app_init ] --START--
INFO: Run Behavior\BuildLiteBehavior [ RunTime:0.000027s ]
INFO: [ app_init ] --END-- [ RunTime:0.000640s ]
ERR: 无法加载模块:Uploads

[ 2016-02-29T16:44:49+08:00 ] 127.0.0.1 /index.php/uploads/allimg/150320/1-150320104441M5-lp.jpg
INFO: [ app_init ] --START--
INFO: Run Behavior\BuildLiteBehavior [ RunTime:0.000034s ]
INFO: [ app_init ] --END-- [ RunTime:0.000682s ]
ERR: 无法加载模块:Uploads

[ 2016-02-29T16:44:49+08:00 ] 127.0.0.1 /index.php/uploads/allimg/150320/1-150320104424937-lp.jpg
INFO: [ app_init ] --START--
INFO: Run Behavior\BuildLiteBehavior [ RunTime:0.000079s ]
INFO: [ app_init ] --END-- [ RunTime:0.001153s ]
ERR: 无法加载模块:Uploads

[ 2016-02-29T16:44:49+08:00 ] 127.0.0.1 /index.php/uploads/allimg/150320/1-150320104341I8-lp.jpg
INFO: [ app_init ] --START--
INFO: Run Behavior\BuildLiteBehavior [ RunTime:0.000013s ]
INFO: [ app_init ] --END-- [ RunTime:0.000312s ]
ERR: 无法加载模块:Uploads

[ 2016-02-29T16:44:49+08:00 ] 127.0.0.1 /index.php/uploads/allimg/150320/1-150320104322c5-lp.jpg
INFO: [ app_init ] --START--
INFO: Run Behavior\BuildLiteBehavior [ RunTime:0.000012s ]
INFO: [ app_init ] --END-- [ RunTime:0.000307s ]
ERR: 无法加载模块:Uploads

[ 2016-02-29T16:44:50+08:00 ] 127.0.0.1 /index.php/uploads/allimg/150313/1-150313152S3520-lp.jpg
INFO: [ app_init ] --START--
INFO: Run Behavior\BuildLiteBehavior [ RunTime:0.000015s ]
INFO: [ app_init ] --END-- [ RunTime:0.000481s ]
ERR: 无法加载模块:Uploads

[ 2016-02-29T16:44:50+08:00 ] 127.0.0.1 /index.php/uploads/allimg/150313/1-150313152K0515-lp.jpg
INFO: [ app_init ] --START--
INFO: Run Behavior\BuildLiteBehavior [ RunTime:0.000012s ]
INFO: [ app_init ] --END-- [ RunTime:0.000347s ]
ERR: 无法加载模块:Uploads

[ 2016-02-29T16:50:51+08:00 ] 127.0.0.1 /index.php/uploads/allimg/4.jpg
INFO: [ app_init ] --START--
INFO: Run Behavior\BuildLiteBehavior [ RunTime:0.000037s ]
INFO: [ app_init ] --END-- [ RunTime:0.001031s ]
ERR: 无法加载模块:Uploads

[ 2016-02-29T16:50:51+08:00 ] 127.0.0.1 /index.php/uploads/allimg/55.jpg
INFO: [ app_init ] --START--
INFO: Run Behavior\BuildLiteBehavior [ RunTime:0.000019s ]
INFO: [ app_init ] --END-- [ RunTime:0.000500s ]
ERR: 无法加载模块:Uploads

[ 2016-02-29T16:50:51+08:00 ] 127.0.0.1 /index.php/uploads/allimg/44.jpg
INFO: [ app_init ] --START--
INFO: Run Behavior\BuildLiteBehavior [ RunTime:0.000019s ]
INFO: [ app_init ] --END-- [ RunTime:0.000374s ]
ERR: 无法加载模块:Uploads

[ 2016-02-29T16:50:51+08:00 ] 127.0.0.1 /index.php/uploads/allimg/1.jpg
INFO: [ app_init ] --START--
INFO: Run Behavior\BuildLiteBehavior [ RunTime:0.000015s ]
INFO: [ app_init ] --END-- [ RunTime:0.000362s ]
ERR: 无法加载模块:Uploads

[ 2016-02-29T16:50:51+08:00 ] 127.0.0.1 /index.php/uploads/allimg/4.jpg
INFO: [ app_init ] --START--
INFO: Run Behavior\BuildLiteBehavior [ RunTime:0.000013s ]
INFO: [ app_init ] --END-- [ RunTime:0.000332s ]
ERR: 无法加载模块:Uploads

[ 2016-02-29T16:50:51+08:00 ] 127.0.0.1 /index.php/uploads/allimg/55.jpg
INFO: [ app_init ] --START--
INFO: Run Behavior\BuildLiteBehavior [ RunTime:0.000012s ]
INFO: [ app_init ] --END-- [ RunTime:0.000324s ]
ERR: 无法加载模块:Uploads

[ 2016-02-29T16:50:51+08:00 ] 127.0.0.1 /index.php/uploads/allimg/44.jpg
INFO: [ app_init ] --START--
INFO: Run Behavior\BuildLiteBehavior [ RunTime:0.000014s ]
INFO: [ app_init ] --END-- [ RunTime:0.000343s ]
ERR: 无法加载模块:Uploads

[ 2016-02-29T16:50:51+08:00 ] 127.0.0.1 /index.php/uploads/allimg/1.jpg
INFO: [ app_init ] --START--
INFO: Run Behavior\BuildLiteBehavior [ RunTime:0.000011s ]
INFO: [ app_init ] --END-- [ RunTime:0.000342s ]
ERR: 无法加载模块:Uploads

[ 2016-02-29T16:50:52+08:00 ] 127.0.0.1 /index.php/uploads/allimg/20140830023104250.png
INFO: [ app_init ] --START--
INFO: Run Behavior\BuildLiteBehavior [ RunTime:0.000014s ]
INFO: [ app_init ] --END-- [ RunTime:0.000386s ]
ERR: 无法加载模块:Uploads

[ 2016-02-29T16:50:52+08:00 ] 127.0.0.1 /index.php/uploads/allimg/5.jpg
INFO: [ app_init ] --START--
INFO: Run Behavior\BuildLiteBehavior [ RunTime:0.000041s ]
INFO: [ app_init ] --END-- [ RunTime:0.000662s ]
ERR: 无法加载模块:Uploads

[ 2016-02-29T16:50:52+08:00 ] 127.0.0.1 /index.php/uploads/allimg/3.jpg
INFO: [ app_init ] --START--
INFO: Run Behavior\BuildLiteBehavior [ RunTime:0.000049s ]
INFO: [ app_init ] --END-- [ RunTime:0.000672s ]
ERR: 无法加载模块:Uploads

[ 2016-02-29T16:50:52+08:00 ] 127.0.0.1 /index.php/uploads/allimg/2.jpg
INFO: [ app_init ] --START--
INFO: Run Behavior\BuildLiteBehavior [ RunTime:0.000028s ]
INFO: [ app_init ] --END-- [ RunTime:0.000655s ]
ERR: 无法加载模块:Uploads

[ 2016-02-29T16:50:52+08:00 ] 127.0.0.1 /index.php/uploads/allimg/20140821102038530.jpg
INFO: [ app_init ] --START--
INFO: Run Behavior\BuildLiteBehavior [ RunTime:0.000019s ]
INFO: [ app_init ] --END-- [ RunTime:0.000548s ]
ERR: 无法加载模块:Uploads

[ 2016-02-29T16:52:27+08:00 ] 127.0.0.1 /index.php/uploads/allimg/20140830023104250.png
INFO: [ app_init ] --START--
INFO: Run Behavior\BuildLiteBehavior [ RunTime:0.000026s ]
INFO: [ app_init ] --END-- [ RunTime:0.000569s ]
ERR: 无法加载模块:Uploads

[ 2016-02-29T16:52:27+08:00 ] 127.0.0.1 /index.php/uploads/allimg/4.jpg
INFO: [ app_init ] --START--
INFO: Run Behavior\BuildLiteBehavior [ RunTime:0.000026s ]
INFO: [ app_init ] --END-- [ RunTime:0.000608s ]
ERR: 无法加载模块:Uploads

[ 2016-02-29T16:52:27+08:00 ] 127.0.0.1 /index.php/uploads/allimg/5.jpg
INFO: [ app_init ] --START--
INFO: Run Behavior\BuildLiteBehavior [ RunTime:0.000025s ]
INFO: [ app_init ] --END-- [ RunTime:0.000536s ]
ERR: 无法加载模块:Uploads

[ 2016-02-29T16:52:27+08:00 ] 127.0.0.1 /index.php/uploads/allimg/3.jpg
INFO: [ app_init ] --START--
INFO: Run Behavior\BuildLiteBehavior [ RunTime:0.000027s ]
INFO: [ app_init ] --END-- [ RunTime:0.000610s ]
ERR: 无法加载模块:Uploads

[ 2016-02-29T16:52:27+08:00 ] 127.0.0.1 /index.php/uploads/allimg/2.jpg
INFO: [ app_init ] --START--
INFO: Run Behavior\BuildLiteBehavior [ RunTime:0.000026s ]
INFO: [ app_init ] --END-- [ RunTime:0.000587s ]
ERR: 无法加载模块:Uploads

[ 2016-02-29T16:52:27+08:00 ] 127.0.0.1 /index.php/uploads/allimg/55.jpg
INFO: [ app_init ] --START--
INFO: Run Behavior\BuildLiteBehavior [ RunTime:0.000027s ]
INFO: [ app_init ] --END-- [ RunTime:0.000674s ]
ERR: 无法加载模块:Uploads

[ 2016-02-29T16:52:27+08:00 ] 127.0.0.1 /index.php/uploads/allimg/44.jpg
INFO: [ app_init ] --START--
INFO: Run Behavior\BuildLiteBehavior [ RunTime:0.000026s ]
INFO: [ app_init ] --END-- [ RunTime:0.000606s ]
ERR: 无法加载模块:Uploads

[ 2016-02-29T16:52:27+08:00 ] 127.0.0.1 /index.php/uploads/allimg/1.jpg
INFO: [ app_init ] --START--
INFO: Run Behavior\BuildLiteBehavior [ RunTime:0.000038s ]
INFO: [ app_init ] --END-- [ RunTime:0.000813s ]
ERR: 无法加载模块:Uploads

[ 2016-02-29T16:52:28+08:00 ] 127.0.0.1 /index.php/uploads/allimg/5.jpg
INFO: [ app_init ] --START--
INFO: Run Behavior\BuildLiteBehavior [ RunTime:0.000022s ]
INFO: [ app_init ] --END-- [ RunTime:0.000516s ]
ERR: 无法加载模块:Uploads

[ 2016-02-29T16:52:28+08:00 ] 127.0.0.1 /index.php/uploads/allimg/20140830023104250.png
INFO: [ app_init ] --START--
INFO: Run Behavior\BuildLiteBehavior [ RunTime:0.000022s ]
INFO: [ app_init ] --END-- [ RunTime:0.000529s ]
ERR: 无法加载模块:Uploads

[ 2016-02-29T16:52:28+08:00 ] 127.0.0.1 /index.php/uploads/allimg/4.jpg
INFO: [ app_init ] --START--
INFO: Run Behavior\BuildLiteBehavior [ RunTime:0.000015s ]
INFO: [ app_init ] --END-- [ RunTime:0.000485s ]
ERR: 无法加载模块:Uploads

[ 2016-02-29T16:52:28+08:00 ] 127.0.0.1 /index.php/uploads/allimg/3.jpg
INFO: [ app_init ] --START--
INFO: Run Behavior\BuildLiteBehavior [ RunTime:0.000021s ]
INFO: [ app_init ] --END-- [ RunTime:0.000517s ]
ERR: 无法加载模块:Uploads

[ 2016-02-29T16:52:28+08:00 ] 127.0.0.1 /index.php/uploads/allimg/2.jpg
INFO: [ app_init ] --START--
INFO: Run Behavior\BuildLiteBehavior [ RunTime:0.000024s ]
INFO: [ app_init ] --END-- [ RunTime:0.000505s ]
ERR: 无法加载模块:Uploads

[ 2016-02-29T16:52:28+08:00 ] 127.0.0.1 /index.php/uploads/allimg/55.jpg
INFO: [ app_init ] --START--
INFO: Run Behavior\BuildLiteBehavior [ RunTime:0.000014s ]
INFO: [ app_init ] --END-- [ RunTime:0.000355s ]
ERR: 无法加载模块:Uploads

[ 2016-02-29T16:52:28+08:00 ] 127.0.0.1 /index.php/uploads/allimg/1.jpg
INFO: [ app_init ] --START--
INFO: Run Behavior\BuildLiteBehavior [ RunTime:0.000027s ]
INFO: [ app_init ] --END-- [ RunTime:0.000469s ]
ERR: 无法加载模块:Uploads

[ 2016-02-29T16:52:28+08:00 ] 127.0.0.1 /index.php/uploads/allimg/20140821102038530.jpg
INFO: [ app_init ] --START--
INFO: Run Behavior\BuildLiteBehavior [ RunTime:0.000029s ]
INFO: [ app_init ] --END-- [ RunTime:0.000814s ]
ERR: 无法加载模块:Uploads

[ 2016-02-29T16:52:47+08:00 ] 127.0.0.1 /index.php/chanpin/index.htm
INFO: [ app_init ] --START--
INFO: Run Behavior\BuildLiteBehavior [ RunTime:0.000036s ]
INFO: [ app_init ] --END-- [ RunTime:0.000777s ]
ERR: 无法加载模块:Chanpin

[ 2016-02-29T16:54:12+08:00 ] 127.0.0.1 /index.php/uploads/allimg/20140830023104250.png
INFO: [ app_init ] --START--
INFO: Run Behavior\BuildLiteBehavior [ RunTime:0.000014s ]
INFO: [ app_init ] --END-- [ RunTime:0.000416s ]
ERR: 无法加载模块:Uploads

[ 2016-02-29T16:54:12+08:00 ] 127.0.0.1 /index.php/uploads/allimg/4.jpg
INFO: [ app_init ] --START--
INFO: Run Behavior\BuildLiteBehavior [ RunTime:0.000022s ]
INFO: [ app_init ] --END-- [ RunTime:0.000518s ]
ERR: 无法加载模块:Uploads

[ 2016-02-29T16:54:12+08:00 ] 127.0.0.1 /index.php/uploads/allimg/5.jpg
INFO: [ app_init ] --START--
INFO: Run Behavior\BuildLiteBehavior [ RunTime:0.000025s ]
INFO: [ app_init ] --END-- [ RunTime:0.000622s ]
ERR: 无法加载模块:Uploads

[ 2016-02-29T16:54:12+08:00 ] 127.0.0.1 /index.php/uploads/allimg/3.jpg
INFO: [ app_init ] --START--
INFO: Run Behavior\BuildLiteBehavior [ RunTime:0.000016s ]
INFO: [ app_init ] --END-- [ RunTime:0.000500s ]
ERR: 无法加载模块:Uploads

[ 2016-02-29T16:54:12+08:00 ] 127.0.0.1 /index.php/uploads/allimg/2.jpg
INFO: [ app_init ] --START--
INFO: Run Behavior\BuildLiteBehavior [ RunTime:0.000094s ]
INFO: [ app_init ] --END-- [ RunTime:0.000955s ]
ERR: 无法加载模块:Uploads

[ 2016-02-29T16:54:12+08:00 ] 127.0.0.1 /index.php/uploads/allimg/55.jpg
INFO: [ app_init ] --START--
INFO: Run Behavior\BuildLiteBehavior [ RunTime:0.000016s ]
INFO: [ app_init ] --END-- [ RunTime:0.000376s ]
ERR: 无法加载模块:Uploads

[ 2016-02-29T16:54:12+08:00 ] 127.0.0.1 /index.php/uploads/allimg/44.jpg
INFO: [ app_init ] --START--
INFO: Run Behavior\BuildLiteBehavior [ RunTime:0.000016s ]
INFO: [ app_init ] --END-- [ RunTime:0.000397s ]
ERR: 无法加载模块:Uploads

[ 2016-02-29T16:54:12+08:00 ] 127.0.0.1 /index.php/uploads/allimg/1.jpg
INFO: [ app_init ] --START--
INFO: Run Behavior\BuildLiteBehavior [ RunTime:0.000015s ]
INFO: [ app_init ] --END-- [ RunTime:0.000405s ]
ERR: 无法加载模块:Uploads

[ 2016-02-29T16:54:12+08:00 ] 127.0.0.1 /index.php/uploads/allimg/4.jpg
INFO: [ app_init ] --START--
INFO: Run Behavior\BuildLiteBehavior [ RunTime:0.000022s ]
INFO: [ app_init ] --END-- [ RunTime:0.000465s ]
ERR: 无法加载模块:Uploads

[ 2016-02-29T16:54:13+08:00 ] 127.0.0.1 /index.php/uploads/allimg/20140830023104250.png
INFO: [ app_init ] --START--
INFO: Run Behavior\BuildLiteBehavior [ RunTime:0.000023s ]
INFO: [ app_init ] --END-- [ RunTime:0.000565s ]
ERR: 无法加载模块:Uploads

[ 2016-02-29T16:54:13+08:00 ] 127.0.0.1 /index.php/uploads/allimg/5.jpg
INFO: [ app_init ] --START--
INFO: Run Behavior\BuildLiteBehavior [ RunTime:0.000025s ]
INFO: [ app_init ] --END-- [ RunTime:0.000687s ]
ERR: 无法加载模块:Uploads

[ 2016-02-29T16:54:13+08:00 ] 127.0.0.1 /index.php/uploads/allimg/3.jpg
INFO: [ app_init ] --START--
INFO: Run Behavior\BuildLiteBehavior [ RunTime:0.000022s ]
INFO: [ app_init ] --END-- [ RunTime:0.000561s ]
ERR: 无法加载模块:Uploads

[ 2016-02-29T16:54:13+08:00 ] 127.0.0.1 /index.php/uploads/allimg/2.jpg
INFO: [ app_init ] --START--
INFO: Run Behavior\BuildLiteBehavior [ RunTime:0.000024s ]
INFO: [ app_init ] --END-- [ RunTime:0.000538s ]
ERR: 无法加载模块:Uploads

[ 2016-02-29T16:54:13+08:00 ] 127.0.0.1 /index.php/uploads/allimg/55.jpg
INFO: [ app_init ] --START--
INFO: Run Behavior\BuildLiteBehavior [ RunTime:0.000015s ]
INFO: [ app_init ] --END-- [ RunTime:0.000365s ]
ERR: 无法加载模块:Uploads

[ 2016-02-29T16:54:13+08:00 ] 127.0.0.1 /index.php/uploads/allimg/44.jpg
INFO: [ app_init ] --START--
INFO: Run Behavior\BuildLiteBehavior [ RunTime:0.000017s ]
INFO: [ app_init ] --END-- [ RunTime:0.000381s ]
ERR: 无法加载模块:Uploads

[ 2016-02-29T16:54:13+08:00 ] 127.0.0.1 /index.php/uploads/allimg/1.jpg
INFO: [ app_init ] --START--
INFO: Run Behavior\BuildLiteBehavior [ RunTime:0.000033s ]
INFO: [ app_init ] --END-- [ RunTime:0.000695s ]
ERR: 无法加载模块:Uploads

[ 2016-02-29T16:54:13+08:00 ] 127.0.0.1 /index.php/uploads/allimg/20140830023104250.png
INFO: [ app_init ] --START--
INFO: Run Behavior\BuildLiteBehavior [ RunTime:0.000023s ]
INFO: [ app_init ] --END-- [ RunTime:0.000515s ]
ERR: 无法加载模块:Uploads

[ 2016-02-29T16:54:13+08:00 ] 127.0.0.1 /index.php/uploads/allimg/4.jpg
INFO: [ app_init ] --START--
INFO: Run Behavior\BuildLiteBehavior [ RunTime:0.000015s ]
INFO: [ app_init ] --END-- [ RunTime:0.000421s ]
ERR: 无法加载模块:Uploads

[ 2016-02-29T16:54:13+08:00 ] 127.0.0.1 /index.php/uploads/allimg/5.jpg
INFO: [ app_init ] --START--
INFO: Run Behavior\BuildLiteBehavior [ RunTime:0.000014s ]
INFO: [ app_init ] --END-- [ RunTime:0.000386s ]
ERR: 无法加载模块:Uploads

[ 2016-02-29T16:54:13+08:00 ] 127.0.0.1 /index.php/uploads/allimg/3.jpg
INFO: [ app_init ] --START--
INFO: Run Behavior\BuildLiteBehavior [ RunTime:0.000015s ]
INFO: [ app_init ] --END-- [ RunTime:0.000455s ]
ERR: 无法加载模块:Uploads

[ 2016-02-29T16:54:13+08:00 ] 127.0.0.1 /index.php/uploads/allimg/2.jpg
INFO: [ app_init ] --START--
INFO: Run Behavior\BuildLiteBehavior [ RunTime:0.000030s ]
INFO: [ app_init ] --END-- [ RunTime:0.000746s ]
ERR: 无法加载模块:Uploads

[ 2016-02-29T16:54:13+08:00 ] 127.0.0.1 /index.php/uploads/allimg/55.jpg
INFO: [ app_init ] --START--
INFO: Run Behavior\BuildLiteBehavior [ RunTime:0.000046s ]
INFO: [ app_init ] --END-- [ RunTime:0.000789s ]
ERR: 无法加载模块:Uploads

[ 2016-02-29T16:54:13+08:00 ] 127.0.0.1 /index.php/uploads/allimg/44.jpg
INFO: [ app_init ] --START--
INFO: Run Behavior\BuildLiteBehavior [ RunTime:0.000028s ]
INFO: [ app_init ] --END-- [ RunTime:0.001828s ]
ERR: 无法加载模块:Uploads

[ 2016-02-29T16:54:13+08:00 ] 127.0.0.1 /index.php/uploads/allimg/1.jpg
INFO: [ app_init ] --START--
INFO: Run Behavior\BuildLiteBehavior [ RunTime:0.000015s ]
INFO: [ app_init ] --END-- [ RunTime:0.000378s ]
ERR: 无法加载模块:Uploads

[ 2016-02-29T16:54:13+08:00 ] 127.0.0.1 /index.php/uploads/allimg/20140821102038530.jpg
INFO: [ app_init ] --START--
INFO: Run Behavior\BuildLiteBehavior [ RunTime:0.000021s ]
INFO: [ app_init ] --END-- [ RunTime:0.000588s ]
ERR: 无法加载模块:Uploads

[ 2016-02-29T16:54:29+08:00 ] 127.0.0.1 /index.php/__PUBLIC_s_/Home/js/jquery-1.8.0.min.js
INFO: [ app_init ] --START--
INFO: Run Behavior\BuildLiteBehavior [ RunTime:0.000015s ]
INFO: [ app_init ] --END-- [ RunTime:0.000367s ]
ERR: 无法加载模块:__PUBLIC_s_

[ 2016-02-29T16:54:29+08:00 ] 127.0.0.1 /index.php/__PUBLIC_s_/Home/js/jquery.SuperSlide.2.1.js
INFO: [ app_init ] --START--
INFO: Run Behavior\BuildLiteBehavior [ RunTime:0.000017s ]
INFO: [ app_init ] --END-- [ RunTime:0.000461s ]
ERR: 无法加载模块:__PUBLIC_s_

[ 2016-02-29T16:54:29+08:00 ] 127.0.0.1 /index.php/uploads/allimg/20140830023104250.png
INFO: [ app_init ] --START--
INFO: Run Behavior\BuildLiteBehavior [ RunTime:0.000023s ]
INFO: [ app_init ] --END-- [ RunTime:0.000532s ]
ERR: 无法加载模块:Uploads

[ 2016-02-29T16:54:29+08:00 ] 127.0.0.1 /index.php/uploads/allimg/4.jpg
INFO: [ app_init ] --START--
INFO: Run Behavior\BuildLiteBehavior [ RunTime:0.000018s ]
INFO: [ app_init ] --END-- [ RunTime:0.000403s ]
ERR: 无法加载模块:Uploads

[ 2016-02-29T16:54:29+08:00 ] 127.0.0.1 /index.php/uploads/allimg/5.jpg
INFO: [ app_init ] --START--
INFO: Run Behavior\BuildLiteBehavior [ RunTime:0.000022s ]
INFO: [ app_init ] --END-- [ RunTime:0.000508s ]
ERR: 无法加载模块:Uploads

[ 2016-02-29T16:54:29+08:00 ] 127.0.0.1 /index.php/uploads/allimg/3.jpg
INFO: [ app_init ] --START--
INFO: Run Behavior\BuildLiteBehavior [ RunTime:0.000023s ]
INFO: [ app_init ] --END-- [ RunTime:0.000514s ]
ERR: 无法加载模块:Uploads

[ 2016-02-29T16:54:29+08:00 ] 127.0.0.1 /index.php/uploads/allimg/2.jpg
INFO: [ app_init ] --START--
INFO: Run Behavior\BuildLiteBehavior [ RunTime:0.000024s ]
INFO: [ app_init ] --END-- [ RunTime:0.000607s ]
ERR: 无法加载模块:Uploads

[ 2016-02-29T16:54:29+08:00 ] 127.0.0.1 /index.php/uploads/allimg/55.jpg
INFO: [ app_init ] --START--
INFO: Run Behavior\BuildLiteBehavior [ RunTime:0.000043s ]
INFO: [ app_init ] --END-- [ RunTime:0.000794s ]
ERR: 无法加载模块:Uploads

[ 2016-02-29T16:54:29+08:00 ] 127.0.0.1 /index.php/uploads/allimg/44.jpg
INFO: [ app_init ] --START--
INFO: Run Behavior\BuildLiteBehavior [ RunTime:0.000021s ]
INFO: [ app_init ] --END-- [ RunTime:0.000569s ]
ERR: 无法加载模块:Uploads

[ 2016-02-29T16:54:29+08:00 ] 127.0.0.1 /index.php/uploads/allimg/1.jpg
INFO: [ app_init ] --START--
INFO: Run Behavior\BuildLiteBehavior [ RunTime:0.000025s ]
INFO: [ app_init ] --END-- [ RunTime:0.000578s ]
ERR: 无法加载模块:Uploads

[ 2016-02-29T16:54:29+08:00 ] 127.0.0.1 /index.php/uploads/allimg/20140830023104250.png
INFO: [ app_init ] --START--
INFO: Run Behavior\BuildLiteBehavior [ RunTime:0.000021s ]
INFO: [ app_init ] --END-- [ RunTime:0.000463s ]
ERR: 无法加载模块:Uploads

[ 2016-02-29T16:54:29+08:00 ] 127.0.0.1 /index.php/uploads/allimg/5.jpg
INFO: [ app_init ] --START--
INFO: Run Behavior\BuildLiteBehavior [ RunTime:0.000027s ]
INFO: [ app_init ] --END-- [ RunTime:0.000508s ]
ERR: 无法加载模块:Uploads

[ 2016-02-29T16:54:29+08:00 ] 127.0.0.1 /index.php/uploads/allimg/4.jpg
INFO: [ app_init ] --START--
INFO: Run Behavior\BuildLiteBehavior [ RunTime:0.000024s ]
INFO: [ app_init ] --END-- [ RunTime:0.000535s ]
ERR: 无法加载模块:Uploads

[ 2016-02-29T16:54:29+08:00 ] 127.0.0.1 /index.php/uploads/allimg/3.jpg
INFO: [ app_init ] --START--
INFO: Run Behavior\BuildLiteBehavior [ RunTime:0.000016s ]
INFO: [ app_init ] --END-- [ RunTime:0.000402s ]
ERR: 无法加载模块:Uploads

[ 2016-02-29T16:54:29+08:00 ] 127.0.0.1 /index.php/uploads/allimg/2.jpg
INFO: [ app_init ] --START--
INFO: Run Behavior\BuildLiteBehavior [ RunTime:0.000022s ]
INFO: [ app_init ] --END-- [ RunTime:0.000483s ]
ERR: 无法加载模块:Uploads

[ 2016-02-29T16:54:29+08:00 ] 127.0.0.1 /index.php/uploads/allimg/55.jpg
INFO: [ app_init ] --START--
INFO: Run Behavior\BuildLiteBehavior [ RunTime:0.000020s ]
INFO: [ app_init ] --END-- [ RunTime:0.000376s ]
ERR: 无法加载模块:Uploads

[ 2016-02-29T16:54:29+08:00 ] 127.0.0.1 /index.php/uploads/allimg/44.jpg
INFO: [ app_init ] --START--
INFO: Run Behavior\BuildLiteBehavior [ RunTime:0.000025s ]
INFO: [ app_init ] --END-- [ RunTime:0.000632s ]
ERR: 无法加载模块:Uploads

[ 2016-02-29T16:54:29+08:00 ] 127.0.0.1 /index.php/uploads/allimg/1.jpg
INFO: [ app_init ] --START--
INFO: Run Behavior\BuildLiteBehavior [ RunTime:0.000016s ]
INFO: [ app_init ] --END-- [ RunTime:0.000431s ]
ERR: 无法加载模块:Uploads

[ 2016-02-29T16:54:30+08:00 ] 127.0.0.1 /index.php/uploads/allimg/20140821102038530.jpg
INFO: [ app_init ] --START--
INFO: Run Behavior\BuildLiteBehavior [ RunTime:0.000046s ]
INFO: [ app_init ] --END-- [ RunTime:0.000800s ]
ERR: 无法加载模块:Uploads

[ 2016-02-29T16:54:37+08:00 ] 127.0.0.1 /index.php/uploads/allimg/20140830023104250.png
INFO: [ app_init ] --START--
INFO: Run Behavior\BuildLiteBehavior [ RunTime:0.000024s ]
INFO: [ app_init ] --END-- [ RunTime:0.000539s ]
ERR: 无法加载模块:Uploads

[ 2016-02-29T16:54:37+08:00 ] 127.0.0.1 /index.php/uploads/allimg/4.jpg
INFO: [ app_init ] --START--
INFO: Run Behavior\BuildLiteBehavior [ RunTime:0.000023s ]
INFO: [ app_init ] --END-- [ RunTime:0.000532s ]
ERR: 无法加载模块:Uploads

[ 2016-02-29T16:54:37+08:00 ] 127.0.0.1 /index.php/uploads/allimg/5.jpg
INFO: [ app_init ] --START--
INFO: Run Behavior\BuildLiteBehavior [ RunTime:0.000024s ]
INFO: [ app_init ] --END-- [ RunTime:0.000577s ]
ERR: 无法加载模块:Uploads

[ 2016-02-29T16:54:37+08:00 ] 127.0.0.1 /index.php/uploads/allimg/3.jpg
INFO: [ app_init ] --START--
INFO: Run Behavior\BuildLiteBehavior [ RunTime:0.000025s ]
INFO: [ app_init ] --END-- [ RunTime:0.000579s ]
ERR: 无法加载模块:Uploads

[ 2016-02-29T16:54:37+08:00 ] 127.0.0.1 /index.php/uploads/allimg/2.jpg
INFO: [ app_init ] --START--
INFO: Run Behavior\BuildLiteBehavior [ RunTime:0.000046s ]
INFO: [ app_init ] --END-- [ RunTime:0.000809s ]
ERR: 无法加载模块:Uploads

[ 2016-02-29T16:54:37+08:00 ] 127.0.0.1 /index.php/uploads/allimg/55.jpg
INFO: [ app_init ] --START--
INFO: Run Behavior\BuildLiteBehavior [ RunTime:0.000067s ]
INFO: [ app_init ] --END-- [ RunTime:0.000829s ]
ERR: 无法加载模块:Uploads

[ 2016-02-29T16:54:37+08:00 ] 127.0.0.1 /index.php/uploads/allimg/1.jpg
INFO: [ app_init ] --START--
INFO: Run Behavior\BuildLiteBehavior [ RunTime:0.000032s ]
INFO: [ app_init ] --END-- [ RunTime:0.000755s ]
ERR: 无法加载模块:Uploads

[ 2016-02-29T16:54:37+08:00 ] 127.0.0.1 /index.php/uploads/allimg/44.jpg
INFO: [ app_init ] --START--
INFO: Run Behavior\BuildLiteBehavior [ RunTime:0.000039s ]
INFO: [ app_init ] --END-- [ RunTime:0.000882s ]
ERR: 无法加载模块:Uploads

[ 2016-02-29T16:54:37+08:00 ] 127.0.0.1 /index.php/uploads/allimg/20140830023104250.png
INFO: [ app_init ] --START--
INFO: Run Behavior\BuildLiteBehavior [ RunTime:0.000022s ]
INFO: [ app_init ] --END-- [ RunTime:0.000524s ]
ERR: 无法加载模块:Uploads

[ 2016-02-29T16:54:37+08:00 ] 127.0.0.1 /index.php/uploads/allimg/4.jpg
INFO: [ app_init ] --START--
INFO: Run Behavior\BuildLiteBehavior [ RunTime:0.000021s ]
INFO: [ app_init ] --END-- [ RunTime:0.000526s ]
ERR: 无法加载模块:Uploads

[ 2016-02-29T16:54:37+08:00 ] 127.0.0.1 /index.php/uploads/allimg/5.jpg
INFO: [ app_init ] --START--
INFO: Run Behavior\BuildLiteBehavior [ RunTime:0.000021s ]
INFO: [ app_init ] --END-- [ RunTime:0.000546s ]
ERR: 无法加载模块:Uploads

[ 2016-02-29T16:54:37+08:00 ] 127.0.0.1 /index.php/uploads/allimg/3.jpg
INFO: [ app_init ] --START--
INFO: Run Behavior\BuildLiteBehavior [ RunTime:0.000026s ]
INFO: [ app_init ] --END-- [ RunTime:0.000660s ]
ERR: 无法加载模块:Uploads

[ 2016-02-29T16:54:37+08:00 ] 127.0.0.1 /index.php/uploads/allimg/2.jpg
INFO: [ app_init ] --START--
INFO: Run Behavior\BuildLiteBehavior [ RunTime:0.000024s ]
INFO: [ app_init ] --END-- [ RunTime:0.000539s ]
ERR: 无法加载模块:Uploads

[ 2016-02-29T16:54:37+08:00 ] 127.0.0.1 /index.php/uploads/allimg/55.jpg
INFO: [ app_init ] --START--
INFO: Run Behavior\BuildLiteBehavior [ RunTime:0.000016s ]
INFO: [ app_init ] --END-- [ RunTime:0.000376s ]
ERR: 无法加载模块:Uploads

[ 2016-02-29T16:54:37+08:00 ] 127.0.0.1 /index.php/uploads/allimg/44.jpg
INFO: [ app_init ] --START--
INFO: Run Behavior\BuildLiteBehavior [ RunTime:0.000016s ]
INFO: [ app_init ] --END-- [ RunTime:0.000453s ]
ERR: 无法加载模块:Uploads

[ 2016-02-29T16:54:37+08:00 ] 127.0.0.1 /index.php/uploads/allimg/1.jpg
INFO: [ app_init ] --START--
INFO: Run Behavior\BuildLiteBehavior [ RunTime:0.000014s ]
INFO: [ app_init ] --END-- [ RunTime:0.000436s ]
ERR: 无法加载模块:Uploads

[ 2016-02-29T16:54:38+08:00 ] 127.0.0.1 /index.php/uploads/allimg/20140821102038530.jpg
INFO: [ app_init ] --START--
INFO: Run Behavior\BuildLiteBehavior [ RunTime:0.000038s ]
INFO: [ app_init ] --END-- [ RunTime:0.000894s ]
ERR: 无法加载模块:Uploads

[ 2016-02-29T16:55:22+08:00 ] 127.0.0.1 /index.php/uploads/allimg/20140830023104250.png
INFO: [ app_init ] --START--
INFO: Run Behavior\BuildLiteBehavior [ RunTime:0.000019s ]
INFO: [ app_init ] --END-- [ RunTime:0.000476s ]
ERR: 无法加载模块:Uploads

[ 2016-02-29T16:55:22+08:00 ] 127.0.0.1 /index.php/uploads/allimg/4.jpg
INFO: [ app_init ] --START--
INFO: Run Behavior\BuildLiteBehavior [ RunTime:0.000023s ]
INFO: [ app_init ] --END-- [ RunTime:0.000486s ]
ERR: 无法加载模块:Uploads

[ 2016-02-29T16:55:22+08:00 ] 127.0.0.1 /index.php/uploads/allimg/5.jpg
INFO: [ app_init ] --START--
INFO: Run Behavior\BuildLiteBehavior [ RunTime:0.000021s ]
INFO: [ app_init ] --END-- [ RunTime:0.000510s ]
ERR: 无法加载模块:Uploads

[ 2016-02-29T16:55:22+08:00 ] 127.0.0.1 /index.php/uploads/allimg/3.jpg
INFO: [ app_init ] --START--
INFO: Run Behavior\BuildLiteBehavior [ RunTime:0.000041s ]
INFO: [ app_init ] --END-- [ RunTime:0.000623s ]
ERR: 无法加载模块:Uploads

[ 2016-02-29T16:55:22+08:00 ] 127.0.0.1 /index.php/uploads/allimg/2.jpg
INFO: [ app_init ] --START--
INFO: Run Behavior\BuildLiteBehavior [ RunTime:0.000022s ]
INFO: [ app_init ] --END-- [ RunTime:0.000492s ]
ERR: 无法加载模块:Uploads

[ 2016-02-29T16:55:22+08:00 ] 127.0.0.1 /index.php/uploads/allimg/55.jpg
INFO: [ app_init ] --START--
INFO: Run Behavior\BuildLiteBehavior [ RunTime:0.000015s ]
INFO: [ app_init ] --END-- [ RunTime:0.000472s ]
ERR: 无法加载模块:Uploads

[ 2016-02-29T16:55:22+08:00 ] 127.0.0.1 /index.php/uploads/allimg/44.jpg
INFO: [ app_init ] --START--
INFO: Run Behavior\BuildLiteBehavior [ RunTime:0.000020s ]
INFO: [ app_init ] --END-- [ RunTime:0.000430s ]
ERR: 无法加载模块:Uploads

[ 2016-02-29T16:55:22+08:00 ] 127.0.0.1 /index.php/uploads/allimg/1.jpg
INFO: [ app_init ] --START--
INFO: Run Behavior\BuildLiteBehavior [ RunTime:0.000023s ]
INFO: [ app_init ] --END-- [ RunTime:0.000628s ]
ERR: 无法加载模块:Uploads

[ 2016-02-29T16:55:22+08:00 ] 127.0.0.1 /index.php/uploads/allimg/20140830023104250.png
INFO: [ app_init ] --START--
INFO: Run Behavior\BuildLiteBehavior [ RunTime:0.000024s ]
INFO: [ app_init ] --END-- [ RunTime:0.000560s ]
ERR: 无法加载模块:Uploads

[ 2016-02-29T16:55:22+08:00 ] 127.0.0.1 /index.php/uploads/allimg/4.jpg
INFO: [ app_init ] --START--
INFO: Run Behavior\BuildLiteBehavior [ RunTime:0.000019s ]
INFO: [ app_init ] --END-- [ RunTime:0.000506s ]
ERR: 无法加载模块:Uploads

[ 2016-02-29T16:55:22+08:00 ] 127.0.0.1 /index.php/uploads/allimg/5.jpg
INFO: [ app_init ] --START--
INFO: Run Behavior\BuildLiteBehavior [ RunTime:0.000031s ]
INFO: [ app_init ] --END-- [ RunTime:0.000603s ]
ERR: 无法加载模块:Uploads

[ 2016-02-29T16:55:22+08:00 ] 127.0.0.1 /index.php/uploads/allimg/2.jpg
INFO: [ app_init ] --START--
INFO: Run Behavior\BuildLiteBehavior [ RunTime:0.000054s ]
INFO: [ app_init ] --END-- [ RunTime:0.000858s ]
ERR: 无法加载模块:Uploads

[ 2016-02-29T16:55:22+08:00 ] 127.0.0.1 /index.php/uploads/allimg/3.jpg
INFO: [ app_init ] --START--
INFO: Run Behavior\BuildLiteBehavior [ RunTime:0.000041s ]
INFO: [ app_init ] --END-- [ RunTime:0.000761s ]
ERR: 无法加载模块:Uploads

[ 2016-02-29T16:55:22+08:00 ] 127.0.0.1 /index.php/uploads/allimg/44.jpg
INFO: [ app_init ] --START--
INFO: Run Behavior\BuildLiteBehavior [ RunTime:0.000024s ]
INFO: [ app_init ] --END-- [ RunTime:0.000573s ]
ERR: 无法加载模块:Uploads

[ 2016-02-29T16:55:22+08:00 ] 127.0.0.1 /index.php/uploads/allimg/55.jpg
INFO: [ app_init ] --START--
INFO: Run Behavior\BuildLiteBehavior [ RunTime:0.000098s ]
INFO: [ app_init ] --END-- [ RunTime:0.000988s ]
ERR: 无法加载模块:Uploads

[ 2016-02-29T16:55:22+08:00 ] 127.0.0.1 /index.php/uploads/allimg/1.jpg
INFO: [ app_init ] --START--
INFO: Run Behavior\BuildLiteBehavior [ RunTime:0.000046s ]
INFO: [ app_init ] --END-- [ RunTime:0.001609s ]
ERR: 无法加载模块:Uploads

[ 2016-02-29T16:55:23+08:00 ] 127.0.0.1 /index.php/uploads/allimg/20140830023104250.png
INFO: [ app_init ] --START--
INFO: Run Behavior\BuildLiteBehavior [ RunTime:0.000024s ]
INFO: [ app_init ] --END-- [ RunTime:0.000574s ]
ERR: 无法加载模块:Uploads

[ 2016-02-29T16:55:23+08:00 ] 127.0.0.1 /index.php/uploads/allimg/4.jpg
INFO: [ app_init ] --START--
INFO: Run Behavior\BuildLiteBehavior [ RunTime:0.000025s ]
INFO: [ app_init ] --END-- [ RunTime:0.000597s ]
ERR: 无法加载模块:Uploads

[ 2016-02-29T16:55:23+08:00 ] 127.0.0.1 /index.php/uploads/allimg/3.jpg
INFO: [ app_init ] --START--
INFO: Run Behavior\BuildLiteBehavior [ RunTime:0.000016s ]
INFO: [ app_init ] --END-- [ RunTime:0.000462s ]
ERR: 无法加载模块:Uploads

[ 2016-02-29T16:55:23+08:00 ] 127.0.0.1 /index.php/uploads/allimg/2.jpg
INFO: [ app_init ] --START--
INFO: Run Behavior\BuildLiteBehavior [ RunTime:0.000035s ]
INFO: [ app_init ] --END-- [ RunTime:0.000624s ]
ERR: 无法加载模块:Uploads

[ 2016-02-29T16:55:23+08:00 ] 127.0.0.1 /index.php/uploads/allimg/44.jpg
INFO: [ app_init ] --START--
INFO: Run Behavior\BuildLiteBehavior [ RunTime:0.000025s ]
INFO: [ app_init ] --END-- [ RunTime:0.000587s ]
ERR: 无法加载模块:Uploads

[ 2016-02-29T16:55:23+08:00 ] 127.0.0.1 /index.php/uploads/allimg/55.jpg
INFO: [ app_init ] --START--
INFO: Run Behavior\BuildLiteBehavior [ RunTime:0.000021s ]
INFO: [ app_init ] --END-- [ RunTime:0.000590s ]
ERR: 无法加载模块:Uploads

[ 2016-02-29T16:55:23+08:00 ] 127.0.0.1 /index.php/uploads/allimg/1.jpg
INFO: [ app_init ] --START--
INFO: Run Behavior\BuildLiteBehavior [ RunTime:0.000020s ]
INFO: [ app_init ] --END-- [ RunTime:0.000486s ]
ERR: 无法加载模块:Uploads

[ 2016-02-29T16:55:23+08:00 ] 127.0.0.1 /index.php/uploads/allimg/20140821102038530.jpg
INFO: [ app_init ] --START--
INFO: Run Behavior\BuildLiteBehavior [ RunTime:0.000030s ]
INFO: [ app_init ] --END-- [ RunTime:0.000632s ]
ERR: 无法加载模块:Uploads

[ 2016-02-29T16:56:48+08:00 ] 127.0.0.1 /index.php/uploads/allimg/20140830023104250.png
INFO: [ app_init ] --START--
INFO: Run Behavior\BuildLiteBehavior [ RunTime:0.000023s ]
INFO: [ app_init ] --END-- [ RunTime:0.000525s ]
ERR: 无法加载模块:Uploads

[ 2016-02-29T16:56:48+08:00 ] 127.0.0.1 /index.php/uploads/allimg/4.jpg
INFO: [ app_init ] --START--
INFO: Run Behavior\BuildLiteBehavior [ RunTime:0.000025s ]
INFO: [ app_init ] --END-- [ RunTime:0.000609s ]
ERR: 无法加载模块:Uploads

[ 2016-02-29T16:56:48+08:00 ] 127.0.0.1 /index.php/uploads/allimg/3.jpg
INFO: [ app_init ] --START--
INFO: Run Behavior\BuildLiteBehavior [ RunTime:0.000023s ]
INFO: [ app_init ] --END-- [ RunTime:0.000496s ]
ERR: 无法加载模块:Uploads

[ 2016-02-29T16:56:48+08:00 ] 127.0.0.1 /index.php/uploads/allimg/5.jpg
INFO: [ app_init ] --START--
INFO: Run Behavior\BuildLiteBehavior [ RunTime:0.000015s ]
INFO: [ app_init ] --END-- [ RunTime:0.000566s ]
ERR: 无法加载模块:Uploads

[ 2016-02-29T16:56:48+08:00 ] 127.0.0.1 /index.php/uploads/allimg/2.jpg
INFO: [ app_init ] --START--
INFO: Run Behavior\BuildLiteBehavior [ RunTime:0.000028s ]
INFO: [ app_init ] --END-- [ RunTime:0.000551s ]
ERR: 无法加载模块:Uploads

[ 2016-02-29T16:56:48+08:00 ] 127.0.0.1 /index.php/uploads/allimg/55.jpg
INFO: [ app_init ] --START--
INFO: Run Behavior\BuildLiteBehavior [ RunTime:0.000015s ]
INFO: [ app_init ] --END-- [ RunTime:0.000453s ]
ERR: 无法加载模块:Uploads

[ 2016-02-29T16:56:48+08:00 ] 127.0.0.1 /index.php/uploads/allimg/44.jpg
INFO: [ app_init ] --START--
INFO: Run Behavior\BuildLiteBehavior [ RunTime:0.000016s ]
INFO: [ app_init ] --END-- [ RunTime:0.000370s ]
ERR: 无法加载模块:Uploads

[ 2016-02-29T16:56:48+08:00 ] 127.0.0.1 /index.php/uploads/allimg/1.jpg
INFO: [ app_init ] --START--
INFO: Run Behavior\BuildLiteBehavior [ RunTime:0.000016s ]
INFO: [ app_init ] --END-- [ RunTime:0.000385s ]
ERR: 无法加载模块:Uploads

[ 2016-02-29T16:56:48+08:00 ] 127.0.0.1 /index.php/uploads/allimg/20140830023104250.png
INFO: [ app_init ] --START--
INFO: Run Behavior\BuildLiteBehavior [ RunTime:0.000024s ]
INFO: [ app_init ] --END-- [ RunTime:0.000544s ]
ERR: 无法加载模块:Uploads

[ 2016-02-29T16:56:48+08:00 ] 127.0.0.1 /index.php/uploads/allimg/5.jpg
INFO: [ app_init ] --START--
INFO: Run Behavior\BuildLiteBehavior [ RunTime:0.000015s ]
INFO: [ app_init ] --END-- [ RunTime:0.000386s ]
ERR: 无法加载模块:Uploads

[ 2016-02-29T16:56:48+08:00 ] 127.0.0.1 /index.php/uploads/allimg/4.jpg
INFO: [ app_init ] --START--
INFO: Run Behavior\BuildLiteBehavior [ RunTime:0.000021s ]
INFO: [ app_init ] --END-- [ RunTime:0.000515s ]
ERR: 无法加载模块:Uploads

[ 2016-02-29T16:56:48+08:00 ] 127.0.0.1 /index.php/uploads/allimg/3.jpg
INFO: [ app_init ] --START--
INFO: Run Behavior\BuildLiteBehavior [ RunTime:0.000021s ]
INFO: [ app_init ] --END-- [ RunTime:0.000534s ]
ERR: 无法加载模块:Uploads

[ 2016-02-29T16:56:48+08:00 ] 127.0.0.1 /index.php/uploads/allimg/2.jpg
INFO: [ app_init ] --START--
INFO: Run Behavior\BuildLiteBehavior [ RunTime:0.000028s ]
INFO: [ app_init ] --END-- [ RunTime:0.000562s ]
ERR: 无法加载模块:Uploads

[ 2016-02-29T16:56:48+08:00 ] 127.0.0.1 /index.php/uploads/allimg/55.jpg
INFO: [ app_init ] --START--
INFO: Run Behavior\BuildLiteBehavior [ RunTime:0.000044s ]
INFO: [ app_init ] --END-- [ RunTime:0.000798s ]
ERR: 无法加载模块:Uploads

[ 2016-02-29T16:56:48+08:00 ] 127.0.0.1 /index.php/uploads/allimg/44.jpg
INFO: [ app_init ] --START--
INFO: Run Behavior\BuildLiteBehavior [ RunTime:0.000037s ]
INFO: [ app_init ] --END-- [ RunTime:0.000577s ]
ERR: 无法加载模块:Uploads

[ 2016-02-29T16:56:48+08:00 ] 127.0.0.1 /index.php/uploads/allimg/1.jpg
INFO: [ app_init ] --START--
INFO: Run Behavior\BuildLiteBehavior [ RunTime:0.000036s ]
INFO: [ app_init ] --END-- [ RunTime:0.001016s ]
ERR: 无法加载模块:Uploads

[ 2016-02-29T16:56:48+08:00 ] 127.0.0.1 /index.php/uploads/allimg/4.jpg
INFO: [ app_init ] --START--
INFO: Run Behavior\BuildLiteBehavior [ RunTime:0.000019s ]
INFO: [ app_init ] --END-- [ RunTime:0.000548s ]
ERR: 无法加载模块:Uploads

[ 2016-02-29T16:56:48+08:00 ] 127.0.0.1 /index.php/uploads/allimg/20140830023104250.png
INFO: [ app_init ] --START--
INFO: Run Behavior\BuildLiteBehavior [ RunTime:0.000042s ]
INFO: [ app_init ] --END-- [ RunTime:0.000851s ]
ERR: 无法加载模块:Uploads

[ 2016-02-29T16:56:48+08:00 ] 127.0.0.1 /index.php/uploads/allimg/5.jpg
INFO: [ app_init ] --START--
INFO: Run Behavior\BuildLiteBehavior [ RunTime:0.000021s ]
INFO: [ app_init ] --END-- [ RunTime:0.000559s ]
ERR: 无法加载模块:Uploads

[ 2016-02-29T16:56:48+08:00 ] 127.0.0.1 /index.php/uploads/allimg/3.jpg
INFO: [ app_init ] --START--
INFO: Run Behavior\BuildLiteBehavior [ RunTime:0.000049s ]
INFO: [ app_init ] --END-- [ RunTime:0.001034s ]
ERR: 无法加载模块:Uploads

[ 2016-02-29T16:56:48+08:00 ] 127.0.0.1 /index.php/uploads/allimg/2.jpg
INFO: [ app_init ] --START--
INFO: Run Behavior\BuildLiteBehavior [ RunTime:0.000034s ]
INFO: [ app_init ] --END-- [ RunTime:0.000700s ]
ERR: 无法加载模块:Uploads

[ 2016-02-29T16:56:48+08:00 ] 127.0.0.1 /index.php/uploads/allimg/55.jpg
INFO: [ app_init ] --START--
INFO: Run Behavior\BuildLiteBehavior [ RunTime:0.000022s ]
INFO: [ app_init ] --END-- [ RunTime:0.000492s ]
ERR: 无法加载模块:Uploads

[ 2016-02-29T16:56:48+08:00 ] 127.0.0.1 /index.php/uploads/allimg/44.jpg
INFO: [ app_init ] --START--
INFO: Run Behavior\BuildLiteBehavior [ RunTime:0.000024s ]
INFO: [ app_init ] --END-- [ RunTime:0.000468s ]
ERR: 无法加载模块:Uploads

[ 2016-02-29T16:56:48+08:00 ] 127.0.0.1 /index.php/uploads/allimg/1.jpg
INFO: [ app_init ] --START--
INFO: Run Behavior\BuildLiteBehavior [ RunTime:0.000028s ]
INFO: [ app_init ] --END-- [ RunTime:0.000611s ]
ERR: 无法加载模块:Uploads

[ 2016-02-29T16:56:49+08:00 ] 127.0.0.1 /index.php/uploads/allimg/20140821102038530.jpg
INFO: [ app_init ] --START--
INFO: Run Behavior\BuildLiteBehavior [ RunTime:0.000014s ]
INFO: [ app_init ] --END-- [ RunTime:0.000353s ]
ERR: 无法加载模块:Uploads

[ 2016-02-29T16:57:09+08:00 ] 127.0.0.1 /index.php/uploads/allimg/20140830023104250.png
INFO: [ app_init ] --START--
INFO: Run Behavior\BuildLiteBehavior [ RunTime:0.000046s ]
INFO: [ app_init ] --END-- [ RunTime:0.000746s ]
ERR: 无法加载模块:Uploads

[ 2016-02-29T16:57:09+08:00 ] 127.0.0.1 /index.php/uploads/allimg/5.jpg
INFO: [ app_init ] --START--
INFO: Run Behavior\BuildLiteBehavior [ RunTime:0.000015s ]
INFO: [ app_init ] --END-- [ RunTime:0.000503s ]
ERR: 无法加载模块:Uploads

[ 2016-02-29T16:57:09+08:00 ] 127.0.0.1 /index.php/uploads/allimg/3.jpg
INFO: [ app_init ] --START--
INFO: Run Behavior\BuildLiteBehavior [ RunTime:0.000024s ]
INFO: [ app_init ] --END-- [ RunTime:0.000569s ]
ERR: 无法加载模块:Uploads

[ 2016-02-29T16:57:09+08:00 ] 127.0.0.1 /index.php/uploads/allimg/2.jpg
INFO: [ app_init ] --START--
INFO: Run Behavior\BuildLiteBehavior [ RunTime:0.000024s ]
INFO: [ app_init ] --END-- [ RunTime:0.000570s ]
ERR: 无法加载模块:Uploads

[ 2016-02-29T16:57:09+08:00 ] 127.0.0.1 /index.php/uploads/allimg/55.jpg
INFO: [ app_init ] --START--
INFO: Run Behavior\BuildLiteBehavior [ RunTime:0.000015s ]
INFO: [ app_init ] --END-- [ RunTime:0.000366s ]
ERR: 无法加载模块:Uploads

[ 2016-02-29T16:57:09+08:00 ] 127.0.0.1 /index.php/uploads/allimg/1.jpg
INFO: [ app_init ] --START--
INFO: Run Behavior\BuildLiteBehavior [ RunTime:0.000014s ]
INFO: [ app_init ] --END-- [ RunTime:0.000369s ]
ERR: 无法加载模块:Uploads

[ 2016-02-29T16:57:09+08:00 ] 127.0.0.1 /index.php/uploads/allimg/44.jpg
INFO: [ app_init ] --START--
INFO: Run Behavior\BuildLiteBehavior [ RunTime:0.000027s ]
INFO: [ app_init ] --END-- [ RunTime:0.000683s ]
ERR: 无法加载模块:Uploads

[ 2016-02-29T16:57:09+08:00 ] 127.0.0.1 /index.php/uploads/allimg/20140830023104250.png
INFO: [ app_init ] --START--
INFO: Run Behavior\BuildLiteBehavior [ RunTime:0.000023s ]
INFO: [ app_init ] --END-- [ RunTime:0.000544s ]
ERR: 无法加载模块:Uploads

[ 2016-02-29T16:57:09+08:00 ] 127.0.0.1 /index.php/uploads/allimg/4.jpg
INFO: [ app_init ] --START--
INFO: Run Behavior\BuildLiteBehavior [ RunTime:0.000025s ]
INFO: [ app_init ] --END-- [ RunTime:0.000582s ]
ERR: 无法加载模块:Uploads

[ 2016-02-29T16:57:09+08:00 ] 127.0.0.1 /index.php/uploads/allimg/5.jpg
INFO: [ app_init ] --START--
INFO: Run Behavior\BuildLiteBehavior [ RunTime:0.000032s ]
INFO: [ app_init ] --END-- [ RunTime:0.000621s ]
ERR: 无法加载模块:Uploads

[ 2016-02-29T16:57:09+08:00 ] 127.0.0.1 /index.php/uploads/allimg/2.jpg
INFO: [ app_init ] --START--
INFO: Run Behavior\BuildLiteBehavior [ RunTime:0.000055s ]
INFO: [ app_init ] --END-- [ RunTime:0.000939s ]
ERR: 无法加载模块:Uploads

[ 2016-02-29T16:57:09+08:00 ] 127.0.0.1 /index.php/uploads/allimg/3.jpg
INFO: [ app_init ] --START--
INFO: Run Behavior\BuildLiteBehavior [ RunTime:0.000017s ]
INFO: [ app_init ] --END-- [ RunTime:0.000509s ]
ERR: 无法加载模块:Uploads

[ 2016-02-29T16:57:09+08:00 ] 127.0.0.1 /index.php/uploads/allimg/55.jpg
INFO: [ app_init ] --START--
INFO: Run Behavior\BuildLiteBehavior [ RunTime:0.000037s ]
INFO: [ app_init ] --END-- [ RunTime:0.000821s ]
ERR: 无法加载模块:Uploads

[ 2016-02-29T16:57:09+08:00 ] 127.0.0.1 /index.php/uploads/allimg/1.jpg
INFO: [ app_init ] --START--
INFO: Run Behavior\BuildLiteBehavior [ RunTime:0.000017s ]
INFO: [ app_init ] --END-- [ RunTime:0.000516s ]
ERR: 无法加载模块:Uploads

[ 2016-02-29T16:57:09+08:00 ] 127.0.0.1 /index.php/uploads/allimg/20140830023104250.png
INFO: [ app_init ] --START--
INFO: Run Behavior\BuildLiteBehavior [ RunTime:0.000035s ]
INFO: [ app_init ] --END-- [ RunTime:0.000569s ]
ERR: 无法加载模块:Uploads

[ 2016-02-29T16:57:09+08:00 ] 127.0.0.1 /index.php/uploads/allimg/4.jpg
INFO: [ app_init ] --START--
INFO: Run Behavior\BuildLiteBehavior [ RunTime:0.000024s ]
INFO: [ app_init ] --END-- [ RunTime:0.000527s ]
ERR: 无法加载模块:Uploads

[ 2016-02-29T16:57:09+08:00 ] 127.0.0.1 /index.php/uploads/allimg/5.jpg
INFO: [ app_init ] --START--
INFO: Run Behavior\BuildLiteBehavior [ RunTime:0.000021s ]
INFO: [ app_init ] --END-- [ RunTime:0.000498s ]
ERR: 无法加载模块:Uploads

[ 2016-02-29T16:57:09+08:00 ] 127.0.0.1 /index.php/uploads/allimg/3.jpg
INFO: [ app_init ] --START--
INFO: Run Behavior\BuildLiteBehavior [ RunTime:0.000023s ]
INFO: [ app_init ] --END-- [ RunTime:0.000549s ]
ERR: 无法加载模块:Uploads

[ 2016-02-29T16:57:09+08:00 ] 127.0.0.1 /index.php/uploads/allimg/2.jpg
INFO: [ app_init ] --START--
INFO: Run Behavior\BuildLiteBehavior [ RunTime:0.000032s ]
INFO: [ app_init ] --END-- [ RunTime:0.000513s ]
ERR: 无法加载模块:Uploads

[ 2016-02-29T16:57:09+08:00 ] 127.0.0.1 /index.php/uploads/allimg/55.jpg
INFO: [ app_init ] --START--
INFO: Run Behavior\BuildLiteBehavior [ RunTime:0.000036s ]
INFO: [ app_init ] --END-- [ RunTime:0.000507s ]
ERR: 无法加载模块:Uploads

[ 2016-02-29T16:57:09+08:00 ] 127.0.0.1 /index.php/uploads/allimg/44.jpg
INFO: [ app_init ] --START--
INFO: Run Behavior\BuildLiteBehavior [ RunTime:0.000014s ]
INFO: [ app_init ] --END-- [ RunTime:0.000407s ]
ERR: 无法加载模块:Uploads

[ 2016-02-29T16:57:09+08:00 ] 127.0.0.1 /index.php/uploads/allimg/1.jpg
INFO: [ app_init ] --START--
INFO: Run Behavior\BuildLiteBehavior [ RunTime:0.000013s ]
INFO: [ app_init ] --END-- [ RunTime:0.000350s ]
ERR: 无法加载模块:Uploads

[ 2016-02-29T16:57:10+08:00 ] 127.0.0.1 /index.php/uploads/allimg/20140821102038530.jpg
INFO: [ app_init ] --START--
INFO: Run Behavior\BuildLiteBehavior [ RunTime:0.000013s ]
INFO: [ app_init ] --END-- [ RunTime:0.000372s ]
ERR: 无法加载模块:Uploads

[ 2016-02-29T19:52:21+08:00 ] 127.0.0.1 /index.php/favicon.ico
INFO: [ app_init ] --START--
INFO: Run Behavior\BuildLiteBehavior [ RunTime:0.000014s ]
INFO: [ app_init ] --END-- [ RunTime:0.000354s ]
ERR: 无法加载模块:Favicon

[ 2016-02-29T19:54:51+08:00 ] 127.0.0.1 /index.php/a/guanyuwomen/jianyaojieshao/index.htm
INFO: [ app_init ] --START--
INFO: Run Behavior\BuildLiteBehavior [ RunTime:0.000014s ]
INFO: [ app_init ] --END-- [ RunTime:0.000363s ]
ERR: 无法加载模块:A

[ 2016-02-29T19:57:38+08:00 ] 127.0.0.1 /index.php/a/guanyuwomen/jianyaojieshao/index.htm
INFO: [ app_init ] --START--
INFO: Run Behavior\BuildLiteBehavior [ RunTime:0.000016s ]
INFO: [ app_init ] --END-- [ RunTime:0.000464s ]
ERR: 无法加载模块:A

[ 2016-02-29T20:03:52+08:00 ] 127.0.0.1 /index.php/a/guanyuwomen/gongchengzhongxin/index.htm
INFO: [ app_init ] --START--
INFO: Run Behavior\BuildLiteBehavior [ RunTime:0.000017s ]
INFO: [ app_init ] --END-- [ RunTime:0.000459s ]
ERR: 无法加载模块:A

[ 2016-02-29T21:46:30+08:00 ] 127.0.0.1 /index.php/a/guanyuwomen/jianyaojieshao/index.htm
INFO: [ app_init ] --START--
INFO: Run Behavior\BuildLiteBehavior [ RunTime:0.000018s ]
INFO: [ app_init ] --END-- [ RunTime:0.000483s ]
ERR: 无法加载模块:A

